Script started on 2022-02-07 07:07:02+00:00 [TERM="screen" TTY="/dev/pts/2" COLUMNS="158" LINES="77"]
1644215884.837863
1644215964.796206
Waiting for query to complete ...
Waiting for query to complete ...
Downloaded: 631
Finished, found: 169 results
Waiting for query to complete ...
Waiting for query to complete ...
Waiting for query to complete ...
Downloaded: 627
Finished, found: 183 results
1644215976.741739
1644216051.081503
Waiting for query to complete ...
Waiting for query to complete ...
Waiting for query to complete ...
Downloaded: 864
Finished, found: 174 results
Waiting for query to complete ...
Waiting for query to complete ...
Waiting for query to complete ...
Downloaded: 858
Finished, found: 172 results
1644216063.0498
1644216132.312064
Waiting for query to complete ...
Waiting for query to complete ...
Waiting for query to complete ...
Downloaded: 636
Finished, found: 180 results
Waiting for query to complete ...
Waiting for query to complete ...
Waiting for query to complete ...
Downloaded: 632
Finished, found: 175 results

Script done on 2022-02-07 07:07:21+00:00 [COMMAND_EXIT_CODE="0"]
