Script started on 2022-02-07 06:35:58+00:00 [TERM="screen" TTY="/dev/pts/2" COLUMNS="158" LINES="77"]
1644214861.772021
1644214915.800207
Waiting for query to complete ...
Waiting for query to complete ...
Waiting for query to complete ...
Downloaded: 747
RESULT_TOTAL 3.402923583984375

RESULT_LOCK 0.7217049598693848

RESULT_ATOMIC 0.6751503944396973

RESULT_COMMIT 0.6550567150115967

RESULT_PUSH 1.3440637588500977

RESULT_TOTAL 7.192850828170776

RESULT_LOCK 1.4646499156951904

RESULT_ATOMIC 1.49595308303833

RESULT_COMMIT 1.3539619445800781

RESULT_PUSH 2.865058183670044

RESULT_TOTAL 3.682511568069458

RESULT_LOCK 0.7230377197265625

RESULT_ATOMIC 0.7434048652648926

RESULT_COMMIT 0.6691405773162842

RESULT_PUSH 1.5403785705566406

Finished, found: 166 results
Waiting for query to complete ...
Waiting for query to complete ...
Waiting for query to complete ...
Downloaded: 741
RESULT_TOTAL 9.141921997070312

RESULT_NOTIFY 0.25284266471862793

RESULT_WRITE 5.474316358566284

RESULT_WATCH_WAIT 0.009868860244750977

RESULT_WATCH_WAIT 3.391711950302124

RESULT_TOTAL 21.154446363449097

RESULT_NOTIFY 0.529254674911499

RESULT_WRITE 11.505452156066895

RESULT_WATCH_WAIT 0.01445150375366211

RESULT_WATCH_WAIT 9.078757286071777

RESULT_TOTAL 11.243180274963379

RESULT_NOTIFY 0.25414013862609863

RESULT_WRITE 6.215605735778809

RESULT_WATCH_WAIT 0.007853031158447266

RESULT_WATCH_WAIT 4.752420425415039

Finished, found: 182 results
1644214927.576931
1644214981.909478
Waiting for query to complete ...
^CTraceback (most recent call last):
  File "log_query.py", line 54, in <module>
    time.sleep(1)
KeyboardInterrupt

Script done on 2022-02-07 06:36:06+00:00 [COMMAND_EXIT_CODE="130"]
