Script started on 2021-09-15 17:03:13+00:00 [TERM="xterm-256color" TTY="/dev/pts/1" COLUMNS="238" LINES="60"]
1631724032.648485
1631724255.882996
Waiting for query to complete ...
Waiting for query to complete ...
Waiting for query to complete ...
Downloaded: 332
Finished, found: 129 results
Waiting for query to complete ...
Waiting for query to complete ...
Waiting for query to complete ...
Downloaded: 328
Finished, found: 125 results
1631724270.559329
1631724454.495576
Waiting for query to complete ...
Waiting for query to complete ...
Waiting for query to complete ...
Downloaded: 376
Finished, found: 127 results
Waiting for query to complete ...
Waiting for query to complete ...
Waiting for query to complete ...
Downloaded: 372
Finished, found: 123 results
1631724469.097505
1631724624.802543
Waiting for query to complete ...
Waiting for query to complete ...
Waiting for query to complete ...
Downloaded: 394
Finished, found: 103 results
Waiting for query to complete ...
Waiting for query to complete ...
Waiting for query to complete ...
Downloaded: 388
Finished, found: 109 results
1631724639.837959
1631724782.620418
Waiting for query to complete ...
Waiting for query to complete ...
Waiting for query to complete ...
Downloaded: 410
Finished, found: 114 results
Waiting for query to complete ...
Waiting for query to complete ...
Waiting for query to complete ...
Downloaded: 406
Finished, found: 118 results
1631724797.671702
1631724946.11543
Waiting for query to complete ...
Waiting for query to complete ...
Waiting for query to complete ...
Downloaded: 352
Finished, found: 119 results
Waiting for query to complete ...
Waiting for query to complete ...
Waiting for query to complete ...
Downloaded: 348
Finished, found: 114 results

Script done on 2021-09-15 17:03:47+00:00 [COMMAND_EXIT_CODE="0"]
