Script started on 2021-09-15 15:25:17+00:00 [TERM="xterm-256color" TTY="/dev/pts/1" COLUMNS="238" LINES="60"]
1631718423.021479
1631718573.168327
Waiting for query to complete ...
Waiting for query to complete ...
Waiting for query to complete ...
Downloaded: 356
Finished, found: 131 results
Waiting for query to complete ...
Waiting for query to complete ...
Downloaded: 352
Finished, found: 126 results
1631718588.1659
1631718721.810798
Waiting for query to complete ...
Waiting for query to complete ...
Waiting for query to complete ...
Downloaded: 392
Finished, found: 130 results
Waiting for query to complete ...
Waiting for query to complete ...
Waiting for query to complete ...
Downloaded: 386
Finished, found: 121 results
1631718736.670432
1631718864.992102
Waiting for query to complete ...
Waiting for query to complete ...
Waiting for query to complete ...
Downloaded: 392
Finished, found: 122 results
Waiting for query to complete ...
Waiting for query to complete ...
Waiting for query to complete ...
Downloaded: 388
Finished, found: 128 results
1631718879.980201
1631719003.843899
Waiting for query to complete ...
Waiting for query to complete ...
Waiting for query to complete ...
Downloaded: 398
Finished, found: 105 results
Waiting for query to complete ...
Waiting for query to complete ...
Waiting for query to complete ...
Downloaded: 396
Finished, found: 118 results
1631719018.859485
1631719141.818591
Waiting for query to complete ...
Waiting for query to complete ...
Waiting for query to complete ...
Downloaded: 336
Finished, found: 112 results
Waiting for query to complete ...
Waiting for query to complete ...
Waiting for query to complete ...
Downloaded: 332
Finished, found: 110 results

Script done on 2021-09-15 15:25:49+00:00 [COMMAND_EXIT_CODE="0"]
