Script started on 2021-09-15 17:32:10+00:00 [TERM="xterm-256color" TTY="/dev/pts/1" COLUMNS="238" LINES="60"]
1631726222.02053
1631726357.907904
Waiting for query to complete ...
Waiting for query to complete ...
Waiting for query to complete ...
Downloaded: 356
Finished, found: 140 results
Waiting for query to complete ...
Downloaded: 354
Finished, found: 125 results
1631726373.272348
1631726492.755655
Waiting for query to complete ...
Waiting for query to complete ...
Waiting for query to complete ...
Waiting for query to complete ...
Downloaded: 420
Finished, found: 136 results
Waiting for query to complete ...
Waiting for query to complete ...
Downloaded: 414
Finished, found: 128 results
1631726506.850805
1631726630.440591
Waiting for query to complete ...
Waiting for query to complete ...
Waiting for query to complete ...
Downloaded: 448
Finished, found: 107 results
Waiting for query to complete ...
Waiting for query to complete ...
Waiting for query to complete ...
Downloaded: 442
Finished, found: 123 results
1631726644.383804
1631726760.677185
Waiting for query to complete ...
Waiting for query to complete ...
Waiting for query to complete ...
Downloaded: 438
Finished, found: 115 results
Waiting for query to complete ...
Waiting for query to complete ...
Waiting for query to complete ...
Downloaded: 434
Finished, found: 121 results
1631726774.702336
1631726891.310874
Waiting for query to complete ...
Waiting for query to complete ...
Downloaded: 360
Finished, found: 105 results
Waiting for query to complete ...
Waiting for query to complete ...
Waiting for query to complete ...
Downloaded: 358
Finished, found: 120 results

Script done on 2021-09-15 17:32:42+00:00 [COMMAND_EXIT_CODE="0"]
