Script started on 2021-09-15 15:56:56+00:00 [TERM="xterm-256color" TTY="/dev/pts/1" COLUMNS="238" LINES="60"]
Update config to 128
Connected 35cce892
Execute size 262144
Done
Begin
Execute memory 128
Repetition 0
Repetition 10
Repetition 20
Repetition 30
Repetition 40
Repetition 50
Repetition 60
Repetition 70
Repetition 80
Repetition 90
Repetition 100
Repetition 110
Repetition 120
Repetition 130
Update config to 256
Connected b5aa983b
Execute size 262144
Done
Begin
Execute memory 256
Repetition 0
Repetition 10
Repetition 20
Repetition 30
Repetition 40
Repetition 50
Repetition 60
Repetition 70
Repetition 80
Repetition 90
Repetition 100
Repetition 110
Repetition 120
Repetition 130
Update config to 512
Connected 0496804c
Execute size 262144
Done
Begin
Execute memory 512
Repetition 0
Repetition 10
Repetition 20
Repetition 30
Repetition 40
Repetition 50
Repetition 60
Repetition 70
Repetition 80
Repetition 90
Repetition 100
Repetition 110
Repetition 120
Repetition 130
Update config to 1024
Connected a3e6d5c8
Execute size 262144
Done
Begin
Execute memory 1024
Repetition 0
Repetition 10
Repetition 20
Repetition 30
Repetition 40
Repetition 50
Repetition 60
Repetition 70
Repetition 80
Repetition 90
Repetition 100
Repetition 110
Repetition 120
Repetition 130
Update config to 2048
Connected ec570b53
Execute size 262144
Done
Begin
Execute memory 2048
Repetition 0
Repetition 10
Repetition 20
Repetition 30
Repetition 40
Repetition 50
Repetition 60
Repetition 70
Repetition 80
Repetition 90
Repetition 100
Repetition 110
Repetition 120
Repetition 130
Finished!

Script done on 2021-09-15 16:10:51+00:00 [COMMAND_EXIT_CODE="0"]
