Script started on 2021-09-15 15:27:13+00:00 [TERM="xterm-256color" TTY="/dev/pts/1" COLUMNS="238" LINES="60"]
Update config to 128
Connected a0dd4f6b
Execute size 131072
Done
Begin
Execute memory 128
Repetition 0
Repetition 10
Repetition 20
Repetition 30
Repetition 40
Repetition 50
Repetition 60
Repetition 70
Repetition 80
Repetition 90
Repetition 100
Repetition 110
Repetition 120
Repetition 130
Update config to 256
Connected bdc63f36
Execute size 131072
Done
Begin
Execute memory 256
Repetition 0
Repetition 10
Repetition 20
Repetition 30
Repetition 40
Repetition 50
Repetition 60
Repetition 70
Repetition 80
Repetition 90
Repetition 100
Repetition 110
Repetition 120
Repetition 130
Update config to 512
Connected 30b37526
Execute size 131072
Done
Begin
Execute memory 512
Repetition 0
Repetition 10
Repetition 20
Repetition 30
Repetition 40
Repetition 50
Repetition 60
Repetition 70
Repetition 80
Repetition 90
Repetition 100
Repetition 110
Repetition 120
Repetition 130
Update config to 1024
Connected 0f5bb2fe
Execute size 131072
Done
Begin
Execute memory 1024
Repetition 0
Repetition 10
Repetition 20
Repetition 30
Repetition 40
Repetition 50
Repetition 60
Repetition 70
Repetition 80
Repetition 90
Repetition 100
Repetition 110
Repetition 120
Repetition 130
Update config to 2048
Connected 8466e807
Execute size 131072
Done
Begin
Execute memory 2048
Repetition 0
Repetition 10
Repetition 20
Repetition 30
Repetition 40
Repetition 50
Repetition 60
Repetition 70
Repetition 80
Repetition 90
Repetition 100
Repetition 110
Repetition 120
Repetition 130
Finished!

Script done on 2021-09-15 15:40:03+00:00 [COMMAND_EXIT_CODE="0"]
