Script started on 2023-11-01 20:39:00+00:00 [TERM="screen" TTY="/dev/pts/1" COLUMNS="225" LINES="56"]
1698869611.55622
1698869655.236386
Waiting for query to complete ...
Waiting for query to complete ...
Waiting for query to complete ...
Downloaded: 544
Finished, found: 188 results
Waiting for query to complete ...
Waiting for query to complete ...
Downloaded: 540
Finished, found: 184 results
Traceback (most recent call last):
  File "log_query.py", line 20, in <module>
    data = pd.read_csv(f"{args.input}_{memory}.csv", index_col=[0])
  File "/home/ubuntu/data/python-venv/lib/python3.8/site-packages/pandas/util/_decorators.py", line 311, in wrapper
    return func(*args, **kwargs)
  File "/home/ubuntu/data/python-venv/lib/python3.8/site-packages/pandas/io/parsers/readers.py", line 586, in read_csv
    return _read(filepath_or_buffer, kwds)
  File "/home/ubuntu/data/python-venv/lib/python3.8/site-packages/pandas/io/parsers/readers.py", line 482, in _read
    parser = TextFileReader(filepath_or_buffer, **kwds)
  File "/home/ubuntu/data/python-venv/lib/python3.8/site-packages/pandas/io/parsers/readers.py", line 811, in __init__
    self._engine = self._make_engine(self.engine)
  File "/home/ubuntu/data/python-venv/lib/python3.8/site-packages/pandas/io/parsers/readers.py", line 1040, in _make_engine
    return mapping[engine](self.f, **self.options)  # type: ignore[call-arg]
  File "/home/ubuntu/data/python-venv/lib/python3.8/site-packages/pandas/io/parsers/c_parser_wrapper.py", line 51, in __init__
    self._open_handles(src, kwds)
  File "/home/ubuntu/data/python-venv/lib/python3.8/site-packages/pandas/io/parsers/base_parser.py", line 222, in _open_handles
    self.handles = get_handle(
  File "/home/ubuntu/data/python-venv/lib/python3.8/site-packages/pandas/io/common.py", line 701, in get_handle
    handle = open(
FileNotFoundError: [Errno 2] No such file or directory: '../../data/write_new_algorithm/keyvalue/persistent_4096_1024.csv'

Script done on 2023-11-01 20:39:07+00:00 [COMMAND_EXIT_CODE="1"]
