Script started on 2023-11-01 20:38:39+00:00 [TERM="screen" TTY="/dev/pts/1" COLUMNS="225" LINES="56"]
1698869382.284528
1698869426.185943
Waiting for query to complete ...
Waiting for query to complete ...
Waiting for query to complete ...
Downloaded: 662
Finished, found: 185 results
Waiting for query to complete ...
Waiting for query to complete ...
Waiting for query to complete ...
Downloaded: 656
Finished, found: 183 results
1698869459.900703
1698869501.344817
Waiting for query to complete ...
Waiting for query to complete ...
Waiting for query to complete ...
Downloaded: 674
Finished, found: 173 results
Waiting for query to complete ...
Waiting for query to complete ...
Downloaded: 670
Finished, found: 182 results
1698869534.972677
1698869577.138922
Waiting for query to complete ...
Waiting for query to complete ...
Waiting for query to complete ...
Downloaded: 682
Finished, found: 188 results
Waiting for query to complete ...
Waiting for query to complete ...
Waiting for query to complete ...
Downloaded: 678
Finished, found: 165 results

Script done on 2023-11-01 20:39:00+00:00 [COMMAND_EXIT_CODE="0"]
