Script started on 2023-11-01 20:38:04+00:00 [TERM="screen" TTY="/dev/pts/1" COLUMNS="225" LINES="56"]
1698868918.525089
1698868961.688939
Waiting for query to complete ...
Waiting for query to complete ...
Downloaded: 640
Finished, found: 190 results
Waiting for query to complete ...
Waiting for query to complete ...
Waiting for query to complete ...
Downloaded: 636
Finished, found: 175 results
1698868995.425781
1698869038.879325
Waiting for query to complete ...
Waiting for query to complete ...
Downloaded: 666
Finished, found: 187 results
Waiting for query to complete ...
Waiting for query to complete ...
Waiting for query to complete ...
Downloaded: 662
Finished, found: 183 results
1698869072.555741
1698869115.339181
Waiting for query to complete ...
Waiting for query to complete ...
Waiting for query to complete ...
Downloaded: 648
Finished, found: 189 results
Waiting for query to complete ...
Waiting for query to complete ...
Downloaded: 642
Finished, found: 175 results

Script done on 2023-11-01 20:38:22+00:00 [COMMAND_EXIT_CODE="0"]
