Script started on 2023-11-01 20:38:22+00:00 [TERM="screen" TTY="/dev/pts/1" COLUMNS="225" LINES="56"]
1698869149.979634
1698869193.958102
Waiting for query to complete ...
Waiting for query to complete ...
Waiting for query to complete ...
Downloaded: 650
Finished, found: 184 results
Waiting for query to complete ...
Waiting for query to complete ...
Downloaded: 644
Finished, found: 179 results
1698869227.925514
1698869270.361537
Waiting for query to complete ...
Waiting for query to complete ...
Downloaded: 652
Finished, found: 187 results
Waiting for query to complete ...
Waiting for query to complete ...
Waiting for query to complete ...
Downloaded: 646
Finished, found: 174 results
1698869304.63765
1698869347.770689
Waiting for query to complete ...
Waiting for query to complete ...
Downloaded: 638
Finished, found: 185 results
Waiting for query to complete ...
Waiting for query to complete ...
Downloaded: 634
Finished, found: 187 results

Script done on 2023-11-01 20:38:39+00:00 [COMMAND_EXIT_CODE="0"]
