Script started on 2023-11-01 20:37:44+00:00 [TERM="screen" TTY="/dev/pts/1" COLUMNS="225" LINES="56"]
1698868688.390281
1698868730.720451
Waiting for query to complete ...
Waiting for query to complete ...
Downloaded: 650
Finished, found: 189 results
Waiting for query to complete ...
Waiting for query to complete ...
Waiting for query to complete ...
Downloaded: 646
Finished, found: 182 results
1698868764.690312
1698868805.984717
Waiting for query to complete ...
Waiting for query to complete ...
Waiting for query to complete ...
Downloaded: 652
Finished, found: 185 results
Waiting for query to complete ...
Waiting for query to complete ...
Downloaded: 648
Finished, found: 174 results
1698868839.836708
1698868883.943209
Waiting for query to complete ...
Waiting for query to complete ...
Waiting for query to complete ...
Downloaded: 642
Finished, found: 190 results
Waiting for query to complete ...
Waiting for query to complete ...
Waiting for query to complete ...
Downloaded: 638
Finished, found: 185 results

Script done on 2023-11-01 20:38:04+00:00 [COMMAND_EXIT_CODE="0"]
