Script started on 2023-11-01 20:37:24+00:00 [TERM="screen" TTY="/dev/pts/1" COLUMNS="225" LINES="56"]
1698868458.273757
1698868500.229902
Waiting for query to complete ...
Waiting for query to complete ...
Waiting for query to complete ...
Downloaded: 672
Finished, found: 176 results
Waiting for query to complete ...
Waiting for query to complete ...
Waiting for query to complete ...
Downloaded: 666
Finished, found: 190 results
1698868533.952401
1698868575.836275
Waiting for query to complete ...
Waiting for query to complete ...
Waiting for query to complete ...
Downloaded: 662
Finished, found: 192 results
Waiting for query to complete ...
Waiting for query to complete ...
Waiting for query to complete ...
Downloaded: 660
Finished, found: 184 results
1698868609.885353
1698868653.843301
Waiting for query to complete ...
Waiting for query to complete ...
Downloaded: 650
Finished, found: 193 results
Waiting for query to complete ...
Waiting for query to complete ...
Waiting for query to complete ...
Downloaded: 642
Finished, found: 197 results

Script done on 2023-11-01 20:37:44+00:00 [COMMAND_EXIT_CODE="0"]
