Script started on 2023-11-01 20:37:02+00:00 [TERM="screen" TTY="/dev/pts/1" COLUMNS="225" LINES="56"]
1698868231.476297
1698868273.863389
Waiting for query to complete ...
Waiting for query to complete ...
Waiting for query to complete ...
Downloaded: 546
Finished, found: 172 results
Waiting for query to complete ...
Waiting for query to complete ...
Waiting for query to complete ...
Downloaded: 542
Finished, found: 182 results
1698868307.592279
1698868349.000402
Waiting for query to complete ...
Waiting for query to complete ...
Waiting for query to complete ...
Downloaded: 690
Finished, found: 182 results
Waiting for query to complete ...
Waiting for query to complete ...
Waiting for query to complete ...
Downloaded: 684
Finished, found: 183 results
1698868382.557623
1698868423.876074
Waiting for query to complete ...
Waiting for query to complete ...
Waiting for query to complete ...
Downloaded: 668
Finished, found: 174 results
Waiting for query to complete ...
Waiting for query to complete ...
Waiting for query to complete ...
Downloaded: 662
Finished, found: 159 results

Script done on 2023-11-01 20:37:24+00:00 [COMMAND_EXIT_CODE="0"]
