Script started on 2023-11-01 20:09:09+00:00 [TERM="screen" TTY="/dev/pts/1" COLUMNS="225" LINES="56"]
Update config to 512
Done
Connected 9055a53d
Execute size 2048
2048
2048
Done
Begin
Execute memory 512
2048
Repetition 0
2048
2048
2048
2048
2048
2048
2048
2048
2048
2048
Repetition 10
2048
2048
2048
2048
2048
2048
2048
2048
2048
2048
Repetition 20
2048
2048
2048
2048
2048
2048
2048
2048
2048
2048
Repetition 30
2048
2048
2048
2048
2048
2048
2048
2048
2048
2048
Repetition 40
2048
2048
2048
2048
2048
2048
2048
2048
2048
2048
Repetition 50
2048
2048
2048
2048
2048
2048
2048
2048
2048
2048
Repetition 60
2048
2048
2048
2048
2048
2048
2048
2048
2048
2048
Repetition 70
2048
2048
2048
2048
2048
2048
2048
2048
2048
2048
Repetition 80
2048
2048
2048
2048
2048
2048
2048
2048
2048
2048
Repetition 90
2048
2048
2048
2048
2048
2048
2048
2048
2048
2048
Repetition 100
2048
2048
2048
2048
2048
2048
2048
2048
2048
2048
Repetition 110
2048
2048
2048
2048
2048
2048
2048
2048
2048
2048
Repetition 120
2048
2048
2048
2048
2048
2048
2048
2048
2048
2048
Repetition 130
2048
2048
2048
2048
2048
2048
2048
2048
2048
2048
Repetition 140
2048
2048
2048
2048
2048
2048
2048
2048
2048
2048
Repetition 150
2048
2048
2048
2048
2048
2048
2048
2048
2048
2048
Repetition 160
2048
2048
2048
2048
2048
2048
2048
2048
2048
2048
Repetition 170
2048
2048
2048
2048
2048
2048
2048
2048
2048
2048
Repetition 180
2048
2048
2048
2048
2048
2048
2048
2048
2048
2048
Repetition 190
2048
2048
2048
2048
2048
2048
2048
2048
2048
Update config to 1024
Done
Connected d0499c57
Execute size 2048
2048
2048
Done
Begin
Execute memory 1024
2048
Repetition 0
2048
2048
2048
2048
2048
2048
2048
2048
2048
2048
Repetition 10
2048
2048
2048
2048
2048
2048
2048
2048
2048
2048
Repetition 20
2048
2048
2048
2048
2048
2048
2048
2048
2048
2048
Repetition 30
2048
2048
2048
2048
2048
2048
2048
2048
2048
2048
Repetition 40
2048
2048
2048
2048
2048
2048
2048
2048
2048
2048
Repetition 50
2048
2048
2048
2048
2048
2048
2048
2048
2048
2048
Repetition 60
2048
2048
2048
2048
2048
2048
2048
2048
2048
2048
Repetition 70
2048
2048
2048
2048
2048
2048
2048
2048
2048
2048
Repetition 80
2048
2048
2048
2048
2048
2048
2048
2048
2048
2048
Repetition 90
2048
2048
2048
2048
2048
2048
2048
2048
2048
2048
Repetition 100
2048
2048
2048
2048
2048
2048
2048
2048
2048
2048
Repetition 110
2048
2048
2048
2048
2048
2048
2048
2048
2048
2048
Repetition 120
2048
2048
2048
2048
2048
2048
2048
2048
2048
2048
Repetition 130
2048
2048
2048
2048
2048
2048
2048
2048
2048
2048
Repetition 140
2048
2048
2048
2048
2048
2048
2048
2048
2048
2048
Repetition 150
2048
2048
2048
2048
2048
2048
2048
2048
2048
2048
Repetition 160
2048
2048
2048
2048
2048
2048
2048
2048
2048
2048
Repetition 170
2048
2048
2048
2048
2048
2048
2048
2048
2048
2048
Repetition 180
2048
2048
2048
2048
2048
2048
2048
2048
2048
2048
Repetition 190
2048
2048
2048
2048
2048
2048
2048
2048
2048
Update config to 2048
Done
Connected 0bf71fbf
Execute size 2048
2048
2048
Done
Begin
Execute memory 2048
2048
Repetition 0
2048
2048
2048
2048
2048
2048
2048
2048
2048
2048
Repetition 10
2048
2048
2048
2048
2048
2048
2048
2048
2048
2048
Repetition 20
2048
2048
2048
2048
2048
2048
2048
2048
2048
2048
Repetition 30
2048
2048
2048
2048
2048
2048
2048
2048
2048
2048
Repetition 40
2048
2048
2048
2048
2048
2048
2048
2048
2048
2048
Repetition 50
2048
2048
2048
2048
2048
2048
2048
2048
2048
2048
Repetition 60
2048
2048
2048
2048
2048
2048
2048
2048
2048
2048
Repetition 70
2048
2048
2048
2048
2048
2048
2048
2048
2048
2048
Repetition 80
2048
2048
2048
2048
2048
2048
2048
2048
2048
2048
Repetition 90
2048
2048
2048
2048
2048
2048
2048
2048
2048
2048
Repetition 100
2048
2048
2048
2048
2048
2048
2048
2048
2048
2048
Repetition 110
2048
2048
2048
2048
2048
2048
2048
2048
2048
2048
Repetition 120
2048
2048
2048
2048
2048
2048
2048
2048
2048
2048
Repetition 130
2048
2048
2048
2048
2048
2048
2048
2048
2048
2048
Repetition 140
2048
2048
2048
2048
2048
2048
2048
2048
2048
2048
Repetition 150
2048
2048
2048
2048
2048
2048
2048
2048
2048
2048
Repetition 160
2048
2048
2048
2048
2048
2048
2048
2048
2048
2048
Repetition 170
2048
2048
2048
2048
2048
2048
2048
2048
2048
2048
Repetition 180
2048
2048
2048
2048
2048
2048
2048
2048
2048
2048
Repetition 190
2048
2048
2048
2048
2048
2048
2048
2048
2048
Finished!

Script done on 2023-11-01 20:12:58+00:00 [COMMAND_EXIT_CODE="0"]
