Script started on 2023-11-01 19:57:35+00:00 [TERM="screen" TTY="/dev/pts/1" COLUMNS="225" LINES="56"]
Update config to 512
Done
Connected 0c0c5c1d
Execute size 256
256
256
Done
Begin
Execute memory 512
256
Repetition 0
256
256
256
256
256
256
256
256
256
256
Repetition 10
256
256
256
256
256
256
256
256
256
256
Repetition 20
256
256
256
256
256
256
256
256
256
256
Repetition 30
256
256
256
256
256
256
256
256
256
256
Repetition 40
256
256
256
256
256
256
256
256
256
256
Repetition 50
256
256
256
256
256
256
256
256
256
256
Repetition 60
256
256
256
256
256
256
256
256
256
256
Repetition 70
256
256
256
256
256
256
256
256
256
256
Repetition 80
256
256
256
256
256
256
256
256
256
256
Repetition 90
256
256
256
256
256
256
256
256
256
256
Repetition 100
256
256
256
256
256
256
256
256
256
256
Repetition 110
256
256
256
256
256
256
256
256
256
256
Repetition 120
256
256
256
256
256
256
256
256
256
256
Repetition 130
256
256
256
256
256
256
256
256
256
256
Repetition 140
256
256
256
256
256
256
256
256
256
256
Repetition 150
256
256
256
256
256
256
256
256
256
256
Repetition 160
256
256
256
256
256
256
256
256
256
256
Repetition 170
256
256
256
256
256
256
256
256
256
256
Repetition 180
256
256
256
256
256
256
256
256
256
256
Repetition 190
256
256
256
256
256
256
256
256
256
Update config to 1024
Done
Connected 670a44d3
Execute size 256
256
256
Done
Begin
Execute memory 1024
256
Repetition 0
256
256
256
256
256
256
256
256
256
256
Repetition 10
256
256
256
256
256
256
256
256
256
256
Repetition 20
256
256
256
256
256
256
256
256
256
256
Repetition 30
256
256
256
256
256
256
256
256
256
256
Repetition 40
256
256
256
256
256
256
256
256
256
256
Repetition 50
256
256
256
256
256
256
256
256
256
256
Repetition 60
256
256
256
256
256
256
256
256
256
256
Repetition 70
256
256
256
256
256
256
256
256
256
256
Repetition 80
256
256
256
256
256
256
256
256
256
256
Repetition 90
256
256
256
256
256
256
256
256
256
256
Repetition 100
256
256
256
256
256
256
256
256
256
256
Repetition 110
256
256
256
256
256
256
256
256
256
256
Repetition 120
256
256
256
256
256
256
256
256
256
256
Repetition 130
256
256
256
256
256
256
256
256
256
256
Repetition 140
256
256
256
256
256
256
256
256
256
256
Repetition 150
256
256
256
256
256
256
256
256
256
256
Repetition 160
256
256
256
256
256
256
256
256
256
256
Repetition 170
256
256
256
256
256
256
256
256
256
256
Repetition 180
256
256
256
256
256
256
256
256
256
256
Repetition 190
256
256
256
256
256
256
256
256
256
Update config to 2048
Done
Connected 720c4d5b
Execute size 256
256
256
Done
Begin
Execute memory 2048
256
Repetition 0
256
256
256
256
256
256
256
256
256
256
Repetition 10
256
256
256
256
256
256
256
256
256
256
Repetition 20
256
256
256
256
256
256
256
256
256
256
Repetition 30
256
256
256
256
256
256
256
256
256
256
Repetition 40
256
256
256
256
256
256
256
256
256
256
Repetition 50
256
256
256
256
256
256
256
256
256
256
Repetition 60
256
256
256
256
256
256
256
256
256
256
Repetition 70
256
256
256
256
256
256
256
256
256
256
Repetition 80
256
256
256
256
256
256
256
256
256
256
Repetition 90
256
256
256
256
256
256
256
256
256
256
Repetition 100
256
256
256
256
256
256
256
256
256
256
Repetition 110
256
256
256
256
256
256
256
256
256
256
Repetition 120
256
256
256
256
256
256
256
256
256
256
Repetition 130
256
256
256
256
256
256
256
256
256
256
Repetition 140
256
256
256
256
256
256
256
256
256
256
Repetition 150
256
256
256
256
256
256
256
256
256
256
Repetition 160
256
256
256
256
256
256
256
256
256
256
Repetition 170
256
256
256
256
256
256
256
256
256
256
Repetition 180
256
256
256
256
256
256
256
256
256
256
Repetition 190
256
256
256
256
256
256
256
256
256
Finished!

Script done on 2023-11-01 20:01:25+00:00 [COMMAND_EXIT_CODE="0"]
