Script started on 2023-11-01 20:01:25+00:00 [TERM="screen" TTY="/dev/pts/1" COLUMNS="225" LINES="56"]
Update config to 512
Done
Connected 44d8b5d4
Execute size 512
512
512
Done
Begin
Execute memory 512
512
Repetition 0
512
512
512
512
512
512
512
512
512
512
Repetition 10
512
512
512
512
512
512
512
512
512
512
Repetition 20
512
512
512
512
512
512
512
512
512
512
Repetition 30
512
512
512
512
512
512
512
512
512
512
Repetition 40
512
512
512
512
512
512
512
512
512
512
Repetition 50
512
512
512
512
512
512
512
512
512
512
Repetition 60
512
512
512
512
512
512
512
512
512
512
Repetition 70
512
512
512
512
512
512
512
512
512
512
Repetition 80
512
512
512
512
512
512
512
512
512
512
Repetition 90
512
512
512
512
512
512
512
512
512
512
Repetition 100
512
512
512
512
512
512
512
512
512
512
Repetition 110
512
512
512
512
512
512
512
512
512
512
Repetition 120
512
512
512
512
512
512
512
512
512
512
Repetition 130
512
512
512
512
512
512
512
512
512
512
Repetition 140
512
512
512
512
512
512
512
512
512
512
Repetition 150
512
512
512
512
512
512
512
512
512
512
Repetition 160
512
512
512
512
512
512
512
512
512
512
Repetition 170
512
512
512
512
512
512
512
512
512
512
Repetition 180
512
512
512
512
512
512
512
512
512
512
Repetition 190
512
512
512
512
512
512
512
512
512
Update config to 1024
Done
Connected b753ded8
Execute size 512
512
512
Done
Begin
Execute memory 1024
512
Repetition 0
512
512
512
512
512
512
512
512
512
512
Repetition 10
512
512
512
512
512
512
512
512
512
512
Repetition 20
512
512
512
512
512
512
512
512
512
512
Repetition 30
512
512
512
512
512
512
512
512
512
512
Repetition 40
512
512
512
512
512
512
512
512
512
512
Repetition 50
512
512
512
512
512
512
512
512
512
512
Repetition 60
512
512
512
512
512
512
512
512
512
512
Repetition 70
512
512
512
512
512
512
512
512
512
512
Repetition 80
512
512
512
512
512
512
512
512
512
512
Repetition 90
512
512
512
512
512
512
512
512
512
512
Repetition 100
512
512
512
512
512
512
512
512
512
512
Repetition 110
512
512
512
512
512
512
512
512
512
512
Repetition 120
512
512
512
512
512
512
512
512
512
512
Repetition 130
512
512
512
512
512
512
512
512
512
512
Repetition 140
512
512
512
512
512
512
512
512
512
512
Repetition 150
512
512
512
512
512
512
512
512
512
512
Repetition 160
512
512
512
512
512
512
512
512
512
512
Repetition 170
512
512
512
512
512
512
512
512
512
512
Repetition 180
512
512
512
512
512
512
512
512
512
512
Repetition 190
512
512
512
512
512
512
512
512
512
Update config to 2048
Done
Connected 1ac0d7be
Execute size 512
512
512
Done
Begin
Execute memory 2048
512
Repetition 0
512
512
512
512
512
512
512
512
512
512
Repetition 10
512
512
512
512
512
512
512
512
512
512
Repetition 20
512
512
512
512
512
512
512
512
512
512
Repetition 30
512
512
512
512
512
512
512
512
512
512
Repetition 40
512
512
512
512
512
512
512
512
512
512
Repetition 50
512
512
512
512
512
512
512
512
512
512
Repetition 60
512
512
512
512
512
512
512
512
512
512
Repetition 70
512
512
512
512
512
512
512
512
512
512
Repetition 80
512
512
512
512
512
512
512
512
512
512
Repetition 90
512
512
512
512
512
512
512
512
512
512
Repetition 100
512
512
512
512
512
512
512
512
512
512
Repetition 110
512
512
512
512
512
512
512
512
512
512
Repetition 120
512
512
512
512
512
512
512
512
512
512
Repetition 130
512
512
512
512
512
512
512
512
512
512
Repetition 140
512
512
512
512
512
512
512
512
512
512
Repetition 150
512
512
512
512
512
512
512
512
512
512
Repetition 160
512
512
512
512
512
512
512
512
512
512
Repetition 170
512
512
512
512
512
512
512
512
512
512
Repetition 180
512
512
512
512
512
512
512
512
512
512
Repetition 190
512
512
512
512
512
512
512
512
512
Finished!

Script done on 2023-11-01 20:05:17+00:00 [COMMAND_EXIT_CODE="0"]
