Script started on 2023-11-01 20:48:50+00:00 [TERM="screen" TTY="/dev/pts/1" COLUMNS="225" LINES="56"]
Update config to 1024
Done
Connected ff4d2d15
Execute size 4096
4096
4096
Done
Begin
Execute memory 1024
4096
Repetition 0
4096
4096
4096
4096
4096
4096
4096
4096
4096
4096
Repetition 10
4096
4096
4096
4096
4096
4096
4096
4096
4096
4096
Repetition 20
4096
4096
4096
4096
4096
4096
4096
4096
4096
4096
Repetition 30
4096
4096
4096
4096
4096
4096
4096
4096
4096
4096
Repetition 40
4096
4096
4096
4096
4096
4096
4096
4096
4096
4096
Repetition 50
4096
4096
4096
4096
4096
4096
4096
4096
4096
4096
Repetition 60
4096
4096
4096
4096
4096
4096
4096
4096
4096
4096
Repetition 70
4096
4096
4096
4096
4096
4096
4096
4096
4096
4096
Repetition 80
4096
4096
4096
4096
4096
4096
4096
4096
4096
4096
Repetition 90
4096
4096
4096
4096
4096
4096
4096
4096
4096
4096
Repetition 100
4096
4096
4096
4096
4096
4096
4096
4096
4096
4096
Repetition 110
4096
4096
4096
4096
4096
4096
4096
4096
4096
4096
Repetition 120
4096
4096
4096
4096
4096
4096
4096
4096
4096
4096
Repetition 130
4096
4096
4096
4096
4096
4096
4096
4096
4096
4096
Repetition 140
4096
4096
4096
4096
4096
4096
4096
4096
4096
4096
Repetition 150
4096
4096
4096
4096
4096
4096
4096
4096
4096
4096
Repetition 160
4096
4096
4096
4096
4096
4096
4096
4096
4096
4096
Repetition 170
4096
4096
4096
4096
4096
4096
4096
4096
4096
4096
Repetition 180
4096
4096
4096
4096
4096
4096
4096
4096
4096
4096
Repetition 190
4096
4096
4096
4096
4096
4096
4096
4096
4096
Update config to 2048
Done
Connected c7a8bd4f
Execute size 4096
4096
4096
Done
Begin
Execute memory 2048
4096
Repetition 0
4096
4096
4096
4096
4096
4096
4096
4096
4096
4096
Repetition 10
4096
4096
4096
4096
4096
4096
4096
4096
4096
4096
Repetition 20
4096
4096
4096
4096
4096
4096
4096
4096
4096
4096
Repetition 30
4096
4096
4096
4096
4096
4096
4096
4096
4096
4096
Repetition 40
4096
4096
4096
4096
4096
4096
4096
4096
4096
4096
Repetition 50
4096
4096
4096
4096
4096
4096
4096
4096
4096
4096
Repetition 60
4096
4096
4096
4096
4096
4096
4096
4096
4096
4096
Repetition 70
4096
4096
4096
4096
4096
4096
4096
4096
4096
4096
Repetition 80
4096
4096
4096
4096
4096
4096
4096
4096
4096
4096
Repetition 90
4096
4096
4096
4096
4096
4096
4096
4096
4096
4096
Repetition 100
4096
4096
4096
4096
4096
4096
4096
4096
4096
4096
Repetition 110
4096
4096
4096
4096
4096
4096
4096
4096
4096
4096
Repetition 120
4096
4096
4096
4096
4096
4096
4096
4096
4096
4096
Repetition 130
4096
4096
4096
4096
4096
4096
4096
4096
4096
4096
Repetition 140
4096
4096
4096
4096
4096
4096
4096
4096
4096
4096
Repetition 150
4096
4096
4096
4096
4096
4096
4096
4096
4096
4096
Repetition 160
4096
4096
4096
4096
4096
4096
4096
4096
4096
4096
Repetition 170
4096
4096
4096
4096
4096
4096
4096
4096
4096
4096
Repetition 180
4096
4096
4096
4096
4096
4096
4096
4096
4096
4096
Repetition 190
4096
4096
4096
4096
4096
4096
4096
4096
4096
Finished!

Script done on 2023-11-01 20:51:25+00:00 [COMMAND_EXIT_CODE="0"]
