Script started on 2023-11-01 20:05:17+00:00 [TERM="screen" TTY="/dev/pts/1" COLUMNS="225" LINES="56"]
Update config to 512
Done
Connected 687cb288
Execute size 1024
1024
1024
Done
Begin
Execute memory 512
1024
Repetition 0
1024
1024
1024
1024
1024
1024
1024
1024
1024
1024
Repetition 10
1024
1024
1024
1024
1024
1024
1024
1024
1024
1024
Repetition 20
1024
1024
1024
1024
1024
1024
1024
1024
1024
1024
Repetition 30
1024
1024
1024
1024
1024
1024
1024
1024
1024
1024
Repetition 40
1024
1024
1024
1024
1024
1024
1024
1024
1024
1024
Repetition 50
1024
1024
1024
1024
1024
1024
1024
1024
1024
1024
Repetition 60
1024
1024
1024
1024
1024
1024
1024
1024
1024
1024
Repetition 70
1024
1024
1024
1024
1024
1024
1024
1024
1024
1024
Repetition 80
1024
1024
1024
1024
1024
1024
1024
1024
1024
1024
Repetition 90
1024
1024
1024
1024
1024
1024
1024
1024
1024
1024
Repetition 100
1024
1024
1024
1024
1024
1024
1024
1024
1024
1024
Repetition 110
1024
1024
1024
1024
1024
1024
1024
1024
1024
1024
Repetition 120
1024
1024
1024
1024
1024
1024
1024
1024
1024
1024
Repetition 130
1024
1024
1024
1024
1024
1024
1024
1024
1024
1024
Repetition 140
1024
1024
1024
1024
1024
1024
1024
1024
1024
1024
Repetition 150
1024
1024
1024
1024
1024
1024
1024
1024
1024
1024
Repetition 160
1024
1024
1024
1024
1024
1024
1024
1024
1024
1024
Repetition 170
1024
1024
1024
1024
1024
1024
1024
1024
1024
1024
Repetition 180
1024
1024
1024
1024
1024
1024
1024
1024
1024
1024
Repetition 190
1024
1024
1024
1024
1024
1024
1024
1024
1024
Update config to 1024
Done
Connected 2afbd2d2
Execute size 1024
1024
1024
Done
Begin
Execute memory 1024
1024
Repetition 0
1024
1024
1024
1024
1024
1024
1024
1024
1024
1024
Repetition 10
1024
1024
1024
1024
1024
1024
1024
1024
1024
1024
Repetition 20
1024
1024
1024
1024
1024
1024
1024
1024
1024
1024
Repetition 30
1024
1024
1024
1024
1024
1024
1024
1024
1024
1024
Repetition 40
1024
1024
1024
1024
1024
1024
1024
1024
1024
1024
Repetition 50
1024
1024
1024
1024
1024
1024
1024
1024
1024
1024
Repetition 60
1024
1024
1024
1024
1024
1024
1024
1024
1024
1024
Repetition 70
1024
1024
1024
1024
1024
1024
1024
1024
1024
1024
Repetition 80
1024
1024
1024
1024
1024
1024
1024
1024
1024
1024
Repetition 90
1024
1024
1024
1024
1024
1024
1024
1024
1024
1024
Repetition 100
1024
1024
1024
1024
1024
1024
1024
1024
1024
1024
Repetition 110
1024
1024
1024
1024
1024
1024
1024
1024
1024
1024
Repetition 120
1024
1024
1024
1024
1024
1024
1024
1024
1024
1024
Repetition 130
1024
1024
1024
1024
1024
1024
1024
1024
1024
1024
Repetition 140
1024
1024
1024
1024
1024
1024
1024
1024
1024
1024
Repetition 150
1024
1024
1024
1024
1024
1024
1024
1024
1024
1024
Repetition 160
1024
1024
1024
1024
1024
1024
1024
1024
1024
1024
Repetition 170
1024
1024
1024
1024
1024
1024
1024
1024
1024
1024
Repetition 180
1024
1024
1024
1024
1024
1024
1024
1024
1024
1024
Repetition 190
1024
1024
1024
1024
1024
1024
1024
1024
1024
Update config to 2048
Done
Connected 61da6201
Execute size 1024
1024
1024
Done
Begin
Execute memory 2048
1024
Repetition 0
1024
1024
1024
1024
1024
1024
1024
1024
1024
1024
Repetition 10
1024
1024
1024
1024
1024
1024
1024
1024
1024
1024
Repetition 20
1024
1024
1024
1024
1024
1024
1024
1024
1024
1024
Repetition 30
1024
1024
1024
1024
1024
1024
1024
1024
1024
1024
Repetition 40
1024
1024
1024
1024
1024
1024
1024
1024
1024
1024
Repetition 50
1024
1024
1024
1024
1024
1024
1024
1024
1024
1024
Repetition 60
1024
1024
1024
1024
1024
1024
1024
1024
1024
1024
Repetition 70
1024
1024
1024
1024
1024
1024
1024
1024
1024
1024
Repetition 80
1024
1024
1024
1024
1024
1024
1024
1024
1024
1024
Repetition 90
1024
1024
1024
1024
1024
1024
1024
1024
1024
1024
Repetition 100
1024
1024
1024
1024
1024
1024
1024
1024
1024
1024
Repetition 110
1024
1024
1024
1024
1024
1024
1024
1024
1024
1024
Repetition 120
1024
1024
1024
1024
1024
1024
1024
1024
1024
1024
Repetition 130
1024
1024
1024
1024
1024
1024
1024
1024
1024
1024
Repetition 140
1024
1024
1024
1024
1024
1024
1024
1024
1024
1024
Repetition 150
1024
1024
1024
1024
1024
1024
1024
1024
1024
1024
Repetition 160
1024
1024
1024
1024
1024
1024
1024
1024
1024
1024
Repetition 170
1024
1024
1024
1024
1024
1024
1024
1024
1024
1024
Repetition 180
1024
1024
1024
1024
1024
1024
1024
1024
1024
1024
Repetition 190
1024
1024
1024
1024
1024
1024
1024
1024
1024
Finished!

Script done on 2023-11-01 20:09:09+00:00 [COMMAND_EXIT_CODE="0"]
