Script started on 2023-11-01 19:53:45+00:00 [TERM="screen" TTY="/dev/pts/1" COLUMNS="225" LINES="56"]
Update config to 512
Done
Connected 2a90caab
Execute size 128
128
128
Done
Begin
Execute memory 512
128
Repetition 0
128
128
128
128
128
128
128
128
128
128
Repetition 10
128
128
128
128
128
128
128
128
128
128
Repetition 20
128
128
128
128
128
128
128
128
128
128
Repetition 30
128
128
128
128
128
128
128
128
128
128
Repetition 40
128
128
128
128
128
128
128
128
128
128
Repetition 50
128
128
128
128
128
128
128
128
128
128
Repetition 60
128
128
128
128
128
128
128
128
128
128
Repetition 70
128
128
128
128
128
128
128
128
128
128
Repetition 80
128
128
128
128
128
128
128
128
128
128
Repetition 90
128
128
128
128
128
128
128
128
128
128
Repetition 100
128
128
128
128
128
128
128
128
128
128
Repetition 110
128
128
128
128
128
128
128
128
128
128
Repetition 120
128
128
128
128
128
128
128
128
128
128
Repetition 130
128
128
128
128
128
128
128
128
128
128
Repetition 140
128
128
128
128
128
128
128
128
128
128
Repetition 150
128
128
128
128
128
128
128
128
128
128
Repetition 160
128
128
128
128
128
128
128
128
128
128
Repetition 170
128
128
128
128
128
128
128
128
128
128
Repetition 180
128
128
128
128
128
128
128
128
128
128
Repetition 190
128
128
128
128
128
128
128
128
128
Update config to 1024
Done
Connected fd1a6b7d
Execute size 128
128
128
Done
Begin
Execute memory 1024
128
Repetition 0
128
128
128
128
128
128
128
128
128
128
Repetition 10
128
128
128
128
128
128
128
128
128
128
Repetition 20
128
128
128
128
128
128
128
128
128
128
Repetition 30
128
128
128
128
128
128
128
128
128
128
Repetition 40
128
128
128
128
128
128
128
128
128
128
Repetition 50
128
128
128
128
128
128
128
128
128
128
Repetition 60
128
128
128
128
128
128
128
128
128
128
Repetition 70
128
128
128
128
128
128
128
128
128
128
Repetition 80
128
128
128
128
128
128
128
128
128
128
Repetition 90
128
128
128
128
128
128
128
128
128
128
Repetition 100
128
128
128
128
128
128
128
128
128
128
Repetition 110
128
128
128
128
128
128
128
128
128
128
Repetition 120
128
128
128
128
128
128
128
128
128
128
Repetition 130
128
128
128
128
128
128
128
128
128
128
Repetition 140
128
128
128
128
128
128
128
128
128
128
Repetition 150
128
128
128
128
128
128
128
128
128
128
Repetition 160
128
128
128
128
128
128
128
128
128
128
Repetition 170
128
128
128
128
128
128
128
128
128
128
Repetition 180
128
128
128
128
128
128
128
128
128
128
Repetition 190
128
128
128
128
128
128
128
128
128
Update config to 2048
Done
Connected 38b1c4f0
Execute size 128
128
128
Done
Begin
Execute memory 2048
128
Repetition 0
128
128
128
128
128
128
128
128
128
128
Repetition 10
128
128
128
128
128
128
128
128
128
128
Repetition 20
128
128
128
128
128
128
128
128
128
128
Repetition 30
128
128
128
128
128
128
128
128
128
128
Repetition 40
128
128
128
128
128
128
128
128
128
128
Repetition 50
128
128
128
128
128
128
128
128
128
128
Repetition 60
128
128
128
128
128
128
128
128
128
128
Repetition 70
128
128
128
128
128
128
128
128
128
128
Repetition 80
128
128
128
128
128
128
128
128
128
128
Repetition 90
128
128
128
128
128
128
128
128
128
128
Repetition 100
128
128
128
128
128
128
128
128
128
128
Repetition 110
128
128
128
128
128
128
128
128
128
128
Repetition 120
128
128
128
128
128
128
128
128
128
128
Repetition 130
128
128
128
128
128
128
128
128
128
128
Repetition 140
128
128
128
128
128
128
128
128
128
128
Repetition 150
128
128
128
128
128
128
128
128
128
128
Repetition 160
128
128
128
128
128
128
128
128
128
128
Repetition 170
128
128
128
128
128
128
128
128
128
128
Repetition 180
128
128
128
128
128
128
128
128
128
128
Repetition 190
128
128
128
128
128
128
128
128
128
Finished!

Script done on 2023-11-01 19:57:35+00:00 [COMMAND_EXIT_CODE="0"]
