Script started on 2021-09-15 14:50:13+00:00 [TERM="xterm-256color" TTY="/dev/pts/1" COLUMNS="238" LINES="60"]
1631715942.149995
1631716054.675339
Waiting for query to complete ...
Waiting for query to complete ...
Downloaded: 326
Unknonw: 64df5591-b85b-48d5-982f-702ad150bb48
Unknonw: 3823a694-49bc-4e09-9591-5764bb4cd82f
Unknonw: 4ea25a46-9e0c-4f90-8290-5b89cb752e34
Unknonw: d1217094-fe0e-4956-b677-26f69ac8a4c5
Unknonw: 9cdb675a-3356-461f-a040-35fd825b5338
Unknonw: 715a9783-0ec9-4cf8-82db-3b5b1c7fb2c2
Unknonw: 236bde3a-05e5-4e5b-9ac0-bcd78df81295
Unknonw: d1b099f4-6358-4ce2-b9a1-76c88de63061
Unknonw: 38288f86-d153-4c3f-a416-cd608451d8b1
Unknonw: 0295731c-9001-41b8-8c28-12931bb8bdef
Unknonw: edf700c2-4739-495b-90dd-11e0a07a3661
Unknonw: e3cf605a-5ab8-4fc8-b32b-97f844c8487f
Unknonw: ea158e2f-e889-4a36-b8f0-282e7025aacd
Unknonw: c14bd337-1dbe-4472-b867-6fe2588fc1fd
Unknonw: 5a85b57d-ceba-4b37-afcf-2bebc2390683
Unknonw: b5716646-5f76-4b68-a487-1da366f4a840
Unknonw: 5100c7f6-6765-46c2-99fa-b7a5e4afd998
Unknonw: 30c40492-a2c1-4ef0-86b7-e2a519cd3c62
Unknonw: 5804d5fd-415f-496d-9786-798cb4e7c9e8
Unknonw: 6df1214a-edb3-46d0-ad72-951737a789df
Unknonw: bca8c4d2-03e7-4dfa-b6c5-3793efaa81ce
Unknonw: 3be01cb6-0357-4d32-9663-be0f02358888
Unknonw: fa99d5ba-a759-4640-b52b-6b6558efab95
Unknonw: 664d412f-b8e0-4777-b280-a5755fc26018
Unknonw: 90c24960-347b-4d95-854a-6e84c76c1145
Unknonw: 36560045-fce6-46d7-9272-bdb4de99ba52
Unknonw: 0f0bc5ab-d89e-45c2-9889-6d3fd078b043
Unknonw: e86e70b5-6ae1-46c2-b55a-053a98123d0f
Unknonw: 66d3ce82-4500-496c-bcfb-8be2f0ea46ff
Unknonw: b1842ec4-0d44-4cb4-8665-efc28b1995bb
Unknonw: a7cad45f-4238-4b4b-bffe-f79d58c4c5ef
Unknonw: d0fe9e9e-9278-49e6-8582-7b5d6c6cbeb4
Unknonw: ad78441b-2972-4844-b84d-16686374bc11
Unknonw: f6e8eaa8-6580-48c5-b10e-6223f5c5c8db
Unknonw: 8d948b8a-f236-49c7-97fe-628747b4dfda
Unknonw: 3e88f41e-f9cc-4cea-8d67-4e334ccff762
Unknonw: f65fe5a9-58e9-4914-a7fb-4384c43953a5
Unknonw: 7660a5a3-4d1f-43ca-9e64-468bc212a669
Unknonw: 6204b156-692a-4548-b41d-7d18f779dd00
Unknonw: 2a15928a-3a5b-4c86-876d-34d2d4c307a4
Unknonw: 142f4028-8945-4951-a40f-838f06fbe367
Finished, found: 122 results
Waiting for query to complete ...
Waiting for query to complete ...
Waiting for query to complete ...
Downloaded: 322
Unknonw: 3d862143-498a-4a71-a7d4-3da8f5ebc3f1
Unknonw: a7510ec5-a3b6-49e3-acd6-6b2b5d494103
Unknonw: 34e297c6-0d1e-4f60-b1bd-619f7f978c7c
Unknonw: c4abfba3-adc7-4d60-a25a-cbf47c7d6739
Unknonw: 466c0dfe-6a81-4ac4-8624-1fb509b68695
Unknonw: 6562a629-9749-41dd-8431-90247955d85b
Unknonw: fee0c04f-9178-4635-b99b-2c560a3cdab1
Unknonw: fd34a9d9-3d47-45ba-8b4a-fc44d1418ad6
Unknonw: 2a6ab183-0801-441a-aa27-c416f65db7fc
Unknonw: 59face7f-73ac-4d52-8ade-6f3f01054447
Unknonw: 8b313db6-5133-4d6c-803e-1870e1ffb066
Unknonw: d7bba881-3dec-42ac-b075-4bce09a35a1a
Unknonw: a78d4045-8052-44d3-815e-bf158122dade
Unknonw: 1406f251-1681-457e-a804-dcc3e61b1dea
Unknonw: 37ffea85-14d6-4dd1-95d5-a20295a1b195
Unknonw: 4cd59ad5-4af1-4a1e-81ff-10c175cc1149
Unknonw: cf1b4914-319a-445f-9325-ef2160caa51c
Unknonw: 9206a426-75d2-4ef6-aedc-1667faf88d8b
Unknonw: 103aaab9-4081-43fe-97aa-37b3cd78e4fc
Unknonw: 8a72153f-7a07-4c87-afb7-49a2b0d53b0d
Unknonw: 2744ada5-0561-4493-a781-e8c1805aff92
Unknonw: 3c5272ff-29b6-48f9-8842-0fd276f1d655
Unknonw: 28040e0b-8ae8-4feb-9771-50905b009f17
Unknonw: 4a034e55-c736-43b0-b275-69b3bcf61018
Unknonw: 0abc2e02-4641-4f92-a2bb-96d496c1bea8
Unknonw: 0f36cb13-64c6-449b-838a-01ad8e9eedb2
Unknonw: 677aa543-749e-4525-ab4a-4565fa75e60b
Unknonw: e8277495-4307-49e6-9795-813d281bf508
Unknonw: 674584f4-b3d8-4258-9760-ee5ebe4213b3
Unknonw: fe81e7b7-c610-44f8-9100-9a294ec614f1
Unknonw: 13244cdf-da26-4296-835e-3b65b3537a21
Unknonw: 0634f06e-a32d-4e9d-b778-a7f573c2e8df
Unknonw: 2f9a4e49-36e5-4277-9284-c5e3d2fdc811
Unknonw: 4051674c-f35f-47f4-896f-1cfc87765218
Unknonw: ec15a908-71bb-4af2-80d4-f8acd29e5b2d
Unknonw: ded85904-269c-4660-a5c4-3dd07dbec6b1
Unknonw: 1c46e459-1bc1-4887-88c6-431bec7c105a
Unknonw: 674d0437-cc39-48c5-84ef-dd1d36948333
Unknonw: f403cb15-78ca-4de4-9014-aad409d9d745
Unknonw: d144c297-5e3e-4aaa-bb4b-8436e1da400c
Unknonw: 38fdda4d-1ba0-44fc-8599-5c1d8f07228b
Unknonw: 553e4f03-9516-4b3d-8c87-5a67fbe5874e
Unknonw: b2afb613-b02b-4369-b493-ca053affaa3a
Unknonw: 3ba9cb8b-c317-4844-a6eb-bbc4bccaa690
Finished, found: 117 results
1631716069.175235
1631716169.490257
Waiting for query to complete ...
Waiting for query to complete ...
Waiting for query to complete ...
Downloaded: 362
Unknonw: 94cc80a8-105b-4cc6-84a2-f663965bbb36
Unknonw: 852bf394-0f73-468e-b3a6-a1f9b5fb30d2
Unknonw: 9585e34c-a4f4-4e89-800b-6be84698e554
Unknonw: d0cc6b7e-7e49-40c8-89b8-15ce2b75160e
Unknonw: 893fef29-0eab-498f-93f8-0577b7d42882
Unknonw: 73545469-8e2e-4f13-ab2b-04bf49196203
Unknonw: a6b98afd-7b53-4e08-99cd-28e21d39ca0f
Unknonw: fdf590c1-56dd-41b2-934d-9e3ab5c6f194
Unknonw: ec71860b-7593-4b26-b09c-7bfab0872e5b
Unknonw: dd84c68a-0a90-4e87-a9b4-b147762d3c2c
Unknonw: 3edeb452-d306-4916-bf90-41662da75e7f
Unknonw: d7024be9-8b01-4ee1-81f4-895265170d1d
Unknonw: 84161f72-9b13-4d73-a8a8-6070d26b024c
Unknonw: 7c15cb9e-01f7-4ea9-9b99-e650935ae9bf
Unknonw: 4f26d938-4ff1-48f3-87a3-18d61d4bc44f
Unknonw: 102c1964-8d76-40ed-afec-fd616fab0675
Unknonw: fff9082c-ece2-4f99-9246-e8397e07d2e7
Unknonw: fbfa3c86-ffea-4d4e-921b-3648988bd56f
Unknonw: 70861239-7252-4f32-b5fb-aca69be90f28
Unknonw: 63295b54-292a-4f13-8275-dcf8a8d5705d
Unknonw: 941a87d9-90de-497b-b340-07def59168dc
Unknonw: 24eb4898-a87e-4c11-892e-1c1dcdd885b2
Unknonw: b1ca6765-63e9-4ded-a4c2-599250f1bbda
Unknonw: f8e3126e-d1c7-4105-8d27-33246eef602e
Unknonw: 24313bb3-a557-44b1-8d75-469df3715955
Unknonw: 496885cd-22a5-401c-9321-cc5be0d0d142
Unknonw: 1a53efa3-b28d-4fe2-8f86-62aabd1ce415
Unknonw: efac2c97-bc14-4f77-abf9-805bc3cb4326
Unknonw: f049e0dd-3630-44d7-a832-563fccbe8d02
Unknonw: 26f3498e-778a-409f-8025-1e87bf3625ae
Unknonw: a40b9f43-423d-4c0b-9327-2d3435479efb
Unknonw: f3425bf0-64cf-4b3b-9003-727b8ddc3e28
Unknonw: 3bb3c200-14dd-4c2d-a2ef-4c3bed7e072f
Unknonw: c63558ee-af29-4c27-99d2-5aaeb6af8875
Unknonw: c89de7f2-b6b5-4a4d-a222-88684ac8cafe
Unknonw: 3fe57d73-ff07-4578-8fb8-d183ac57cffe
Unknonw: 232b60ea-a68f-4769-8418-4991ee041672
Unknonw: 1616f665-4ee5-432b-bdab-af40c173b256
Unknonw: 4ea25a46-9e0c-4f90-8290-5b89cb752e34
Unknonw: c14bd337-1dbe-4472-b867-6fe2588fc1fd
Unknonw: 6df1214a-edb3-46d0-ad72-951737a789df
Unknonw: 3be01cb6-0357-4d32-9663-be0f02358888
Unknonw: 90c24960-347b-4d95-854a-6e84c76c1145
Unknonw: 0f0bc5ab-d89e-45c2-9889-6d3fd078b043
Unknonw: 2a15928a-3a5b-4c86-876d-34d2d4c307a4
Unknonw: fc98551f-e1e2-42f3-9914-bf46734193fd
Unknonw: 4b2b15c6-d155-496b-859c-754988da0edb
Unknonw: 90ac8122-0e88-444e-ae8e-d911bc9925da
Unknonw: 59c2ed15-5a4e-407d-b6ac-ede095567193
Unknonw: 0ec8a976-18c1-4de7-8cd9-c720bc7292b4
Unknonw: 30daa2ac-22f5-4982-8421-1f11810e2a3c
Unknonw: 61e048be-d09f-4256-bcbd-0f02b982a60a
Unknonw: e29325bb-b2ec-4950-b4a9-0d497c9ea497
Unknonw: c6b3a997-6b14-4ebc-99b8-3105a5393f56
Unknonw: d735e4ca-c421-41dc-be1a-2d069c67700a
Unknonw: c365566d-8a17-4b1f-9650-bfebbb205124
Unknonw: 6e53a96f-ec7c-4cf3-ac0a-8b4cea50bb3a
Unknonw: 2a8df30e-3250-4384-976f-3ec449a5da19
Unknonw: 9d67f11f-0bf5-44a3-90a8-66cdd34b5ce5
Unknonw: 358606b2-d431-4eb0-a471-4395cff21926
Unknonw: b6a3fd22-eabc-4abd-966f-11354f742605
Unknonw: 1d8ecfbb-3f5c-4eb9-b14b-73a3baf665db
Unknonw: d2f6bd79-ce24-4103-b5a9-b11443014585
Unknonw: 5916e6f6-4fa7-4e0b-9798-84cfd50683d4
Unknonw: 438c9e40-1a13-4818-b3bc-1dfa8bba063d
Finished, found: 116 results
Waiting for query to complete ...
Waiting for query to complete ...
Waiting for query to complete ...
Downloaded: 358
Unknonw: cd327af6-9c54-48ae-8b02-40d008e99087
Unknonw: 4d77c571-d35f-45e7-8cd6-0a2991c33123
Unknonw: 92ad1506-24df-4952-85cf-f9e606c1c546
Unknonw: d5db377d-427b-4880-9e49-58f7c8ae7220
Unknonw: 3e7b332b-da95-4b75-9ba8-cc76b64ccf4c
Unknonw: 962d0483-7a85-414c-ba2f-602b6d9083f3
Unknonw: fa788107-daf6-44e9-8374-f5f376705009
Unknonw: cfc311f1-bb0c-4583-85cc-419c4991194b
Unknonw: c7f17ca6-9cc6-4eb9-8dab-a845678b9ce4
Unknonw: cc678da8-9f52-4f3e-88d5-bc6a6be7170f
Unknonw: 0170c81c-0cef-4a8e-a559-5192944a593c
Unknonw: b7e73dc0-e762-48d3-92cf-1844f9ac9961
Unknonw: 88e0aa60-d6a8-4fb2-8d1d-c8b470af3d68
Unknonw: 3f78a7bd-249f-443d-935e-179a564ab4f0
Unknonw: 9b45dac0-f64c-4fb5-9e04-fc951479ebbb
Unknonw: 90e4586d-9e65-4978-8ae5-53637a14994a
Unknonw: 7b52b052-973e-4ae7-b966-bbe30ca1eb84
Unknonw: a683bb75-294b-48c0-a5a0-ceedd9deed04
Unknonw: af6ea392-f63f-42f4-8420-ab0e77c1b40f
Unknonw: 88d67eaa-744b-4809-866e-dc173845c889
Unknonw: 69f6ca2d-6a74-4272-bb95-ca7a498e4bfa
Unknonw: 6679682d-7fb3-45b2-9cd9-e87584039706
Unknonw: cab9da0a-78b8-45da-90ee-dcfd498d7084
Unknonw: 95aa1c27-9c7f-435f-a366-498380881087
Unknonw: 60e9cf03-c7a6-4eea-a84f-47d0fb98176e
Unknonw: 056183b5-b324-49f7-aa92-40e32e4526b9
Unknonw: fd67f857-b73d-4fcc-968d-ad29b178c7aa
Unknonw: ba2ca42b-4afa-45da-a101-b08307d207c5
Unknonw: c7f82025-e25d-430a-b68d-eb2db763231f
Unknonw: d07739d1-15b5-4246-8d1e-015a52879da7
Unknonw: a8a98bd4-6516-4a56-84d0-c05adb59502d
Unknonw: 43412347-069b-4887-9f0d-7a5c6ed56efb
Unknonw: 64d3cf94-6ca4-40fd-ba8c-a27d0e4487f3
Unknonw: cf2b7aea-2292-4d48-b387-7995f9b065d3
Unknonw: 2066c2f4-9d4f-4c3c-872a-147c3fa2009d
Unknonw: f046c554-7336-4b7a-9aba-d7a3b6238e66
Unknonw: e21552e8-b398-468a-9264-bf81f5d5185f
Unknonw: 2c251001-fdaa-4a6a-94ed-70efecc4df30
Unknonw: 5db67158-f9e6-4a98-9cbe-e5948fb0c00a
Unknonw: b1e3c599-245a-4c15-93ce-52ec6eeda0a1
Unknonw: f381889f-88a5-4492-9a0c-f13c6e50a2f2
Unknonw: 0d831369-1a3d-4789-9870-9d571e4f4fb1
Unknonw: 9be8b2d8-e126-4c6a-946f-344b2bb16a32
Unknonw: 31dc2f24-250b-406a-ba8d-b5712fc6abbc
Unknonw: 4e89eecd-2b01-4766-a5c7-db36097f28e9
Unknonw: 20042273-098f-4f62-8d22-a329d0a5a648
Unknonw: 3350f596-bf13-4312-a61e-b28e140ed641
Unknonw: 8996cfb8-8803-421f-811d-952ce01f37bb
Unknonw: aaac601d-319d-441a-b40e-834c84893afd
Unknonw: 1044bd7c-29c6-4913-83d7-5139279c4e61
Unknonw: 599d6db1-e962-40b0-8dd9-10edd065ed57
Unknonw: 03019b97-eb59-4e64-a9c2-faa755364069
Unknonw: 3d862143-498a-4a71-a7d4-3da8f5ebc3f1
Unknonw: 4cd59ad5-4af1-4a1e-81ff-10c175cc1149
Unknonw: 28040e0b-8ae8-4feb-9771-50905b009f17
Unknonw: fe81e7b7-c610-44f8-9100-9a294ec614f1
Unknonw: ec15a908-71bb-4af2-80d4-f8acd29e5b2d
Unknonw: f403cb15-78ca-4de4-9014-aad409d9d745
Unknonw: 3f2eea08-d816-4d80-ada6-596041f042f5
Unknonw: 9fe8b0d5-0def-4df8-b28b-0cd0ce2a92f6
Unknonw: 736a8e28-7fc7-49e4-977a-41ce6c650f41
Unknonw: af0a0c14-4572-462b-999c-2e7041182d2e
Unknonw: d144c297-5e3e-4aaa-bb4b-8436e1da400c
Unknonw: e92d70bc-2783-4b41-92a7-cf6c47029995
Unknonw: 6fb5b5d3-615b-498f-8101-0440c23f7b6d
Unknonw: 5fb57bcb-df49-430e-8846-81bdc8b0125b
Unknonw: 96059f85-6bc3-4e55-8911-627e747bfed4
Unknonw: bc3edb3d-2cec-4635-9c6c-d7ea7771109e
Unknonw: dd333c74-f619-46f6-8757-36f8997f8956
Unknonw: fff9bc45-822f-4c18-a624-76f986feece4
Unknonw: 693b7eda-eff8-4139-87d3-7af9c0b36897
Unknonw: 85ec18cb-345c-44ce-9d49-24627a5bebbc
Unknonw: 0e2a76f8-d2c1-4b97-8fd2-3de05d3b3ca4
Unknonw: d41e9f03-053c-4b34-8e73-ec3695e2f51c
Unknonw: 1f225193-0284-4d20-9aab-e60939b515e9
Unknonw: 92fd9f92-6a35-4112-9b02-352df3db96a7
Unknonw: 93c4324c-eab0-489d-9933-31d7cccdbf33
Unknonw: 98df98a1-69eb-426b-8e12-f47e38ef310b
Finished, found: 101 results
1631716183.519495
1631716287.670838
Waiting for query to complete ...
Waiting for query to complete ...
Waiting for query to complete ...
Downloaded: 378
Unknonw: e8376f88-ecb1-452c-aaa9-142e94e33526
Unknonw: 75bb5713-18f7-46e1-b21b-9c15d870ca46
Unknonw: 943fdaed-4d11-4ebb-a230-226a48139f2b
Unknonw: a9afb7c5-1ca6-4856-8928-d7f1508f8a88
Unknonw: d66d258a-878f-4b45-9a71-196a97d9e144
Unknonw: 78614a27-cea6-4d64-919c-cff6130775cc
Unknonw: f4587985-be6c-4b0a-b8a8-ead656f79d19
Unknonw: 882987c7-3493-4ff5-aadb-0ef00504d501
Unknonw: 822d9e68-dda4-40f4-8c00-5722cd70b1a4
Unknonw: 2a71ed9e-5c50-40aa-9bb5-013706b89020
Unknonw: 277f645f-17b2-4745-b4ba-02ee9b7f54df
Unknonw: f8eca3c3-90d9-4fb9-aef6-ba7e2f744dba
Unknonw: 5368b4f3-5a33-4938-b13e-c940b3c06964
Unknonw: f9127265-d68a-4d65-8190-ffcee5d638c2
Unknonw: 4a9c8afd-4d0d-4dfd-af27-7b136447e14e
Unknonw: 8c6d4798-4745-441f-bb8d-2f82d76cfe9f
Unknonw: 08acf08f-861b-40c0-853e-6695787ffee6
Unknonw: 96b3e796-4253-45fd-9055-efbf8709bfc2
Unknonw: c731d40d-6f43-4274-884a-731fc4fb57cd
Unknonw: 08f088c8-aff8-4dec-8101-b533fc7022ec
Unknonw: 094a8f4b-8f2c-47ab-b3b0-9ef8203102a5
Unknonw: 7d9ec8a3-d209-4ff1-b222-8485c2de7f9d
Unknonw: a92cc74d-5089-4479-be8c-ee74f7b9e497
Unknonw: 9ca0d746-a66e-4aab-8690-49e29a2aa754
Unknonw: d800185f-b730-42e1-a3e8-b08eb00f64e3
Unknonw: 29e94e82-26db-4de4-9b88-67e96b712150
Unknonw: e424aa5e-1e5e-42ff-9b1f-cb1205e7e716
Unknonw: aef2dadd-e55e-490c-9b0f-19c9c80edad5
Unknonw: e6e1869d-f97f-4185-88cd-9ad1083568be
Unknonw: a79a7fec-c774-4b1d-b134-3091d827601c
Unknonw: 8d158859-8f47-4004-89d0-4a0d88b57a8e
Unknonw: 08ce904b-b07b-4773-822a-73f112e0fa08
Unknonw: 3033419e-6c82-4b3b-b969-4aed6c040451
Unknonw: c78c8870-3691-4089-af48-78e9c213fc65
Unknonw: 9bd925b3-e761-4550-a5f0-bb5ae895c7a3
Unknonw: 78506962-2a90-426b-9d55-6fefd0d78ba4
Unknonw: 3592856d-2c77-4c09-82ef-c18bb809b11a
Unknonw: fef1d3d8-3363-4bad-b9ed-daa0b1b2dfb8
Unknonw: 746e4620-9d18-4f91-bc2a-0824b30ec111
Unknonw: 2890cf50-0b4c-48a8-b958-83abf128a3c8
Unknonw: f0822e7e-17c3-4c3b-9dfc-3a58cd1d9c93
Unknonw: 8e713d02-0731-4b42-a86b-0ea791d53414
Unknonw: 72ab20de-5da0-4faa-8d8f-335c64e94583
Unknonw: 8109ac76-2628-4169-beb3-e82a1ace7fba
Unknonw: c2b2ff15-8ba6-4e66-a918-10e6bdb4ff24
Unknonw: e1ee5245-7600-4bae-a353-ab36ba2127d9
Unknonw: eb573880-bc82-4220-94ff-42ffcf34ecfd
Unknonw: 1aa97bbd-c63d-419e-be79-12cab2d65d89
Unknonw: 0092a75a-3220-490e-b62d-5020f60055ad
Unknonw: 22bc0d59-6d83-40cd-b3cd-5a87d94bf5b5
Unknonw: 55c7a1dc-0848-4886-a01a-d85a5fff8494
Unknonw: 08c672fe-e9a9-43d5-bc06-778eeb1ce115
Unknonw: db104b42-0e82-4717-be43-f5e620013af5
Unknonw: 852bf394-0f73-468e-b3a6-a1f9b5fb30d2
Unknonw: a6b98afd-7b53-4e08-99cd-28e21d39ca0f
Unknonw: fdf590c1-56dd-41b2-934d-9e3ab5c6f194
Unknonw: 3edeb452-d306-4916-bf90-41662da75e7f
Unknonw: 84161f72-9b13-4d73-a8a8-6070d26b024c
Unknonw: 7c15cb9e-01f7-4ea9-9b99-e650935ae9bf
Unknonw: 102c1964-8d76-40ed-afec-fd616fab0675
Unknonw: fff9082c-ece2-4f99-9246-e8397e07d2e7
Unknonw: 24313bb3-a557-44b1-8d75-469df3715955
Unknonw: 496885cd-22a5-401c-9321-cc5be0d0d142
Unknonw: f049e0dd-3630-44d7-a832-563fccbe8d02
Unknonw: f3425bf0-64cf-4b3b-9003-727b8ddc3e28
Unknonw: 3bb3c200-14dd-4c2d-a2ef-4c3bed7e072f
Unknonw: 1616f665-4ee5-432b-bdab-af40c173b256
Unknonw: 9df4bb72-e4ff-4ed7-b6d6-a3ccaa002533
Unknonw: 8b7dbe88-aeb7-41ba-a10d-f5abcc07676b
Unknonw: 2ca1b4be-acc9-4dbf-a52d-9f3e53da0068
Unknonw: 8d323078-496d-41c9-93bf-7a4f130df23f
Unknonw: b2995e0a-4953-4d04-9e55-c736731641fe
Unknonw: d914e429-96cd-4723-b9b6-d97e86cb22e7
Unknonw: 0f3629ad-2530-4609-8c5c-f72b6f3db980
Unknonw: 5d1d29db-7068-4ca0-a651-e0560ae4d326
Unknonw: 70bf22be-5b61-4890-991d-de818b0a6f7f
Unknonw: 128b2f9c-86fe-4f70-bca0-e8a55671191a
Unknonw: da810963-89f8-41d2-a659-6689169823c3
Unknonw: 28584a7d-dfbf-4926-804b-baad6899eb5d
Unknonw: 99734794-195f-45fc-bace-87e175f6f311
Unknonw: 192ac0ce-ab6b-4371-92dc-112ce15ac316
Unknonw: 224b36f1-8cd7-49ce-aa6e-91d91b3f0f02
Unknonw: d6bdf7fb-ccd1-4528-9cfa-da63d8e41968
Unknonw: ef7de8b8-4d5f-470d-bbb3-198cb276a878
Unknonw: a32c8cc0-cede-481c-912d-9f04f5f290a6
Unknonw: f50ddd42-592c-4ff3-a9ba-ed8b9b851569
Unknonw: 327710ba-5657-4784-ab2f-b791b36a2e3b
Unknonw: aec302dd-6018-4a56-893e-3ec24709eb7f
Unknonw: d25d52f8-ef06-435d-a6f6-a3f089f15991
Unknonw: 916edf46-3726-486e-851b-edc46f6a7f16
Unknonw: 357649f0-17fd-4bc9-8b07-97f25ad1b879
Unknonw: c317f3bb-eb05-4a28-9bc9-1b60371b654c
Unknonw: 779beef9-ecda-47b8-991f-7fe6e362633a
Unknonw: a7ad0edc-31bb-44c4-8562-8502834db525
Finished, found: 95 results
Waiting for query to complete ...
Waiting for query to complete ...
Waiting for query to complete ...
Downloaded: 372
Unknonw: 33fc7ace-bde2-4bd5-8cb6-c186019e76fd
Unknonw: 1563e9b8-c974-440b-968a-cfc2775a957a
Unknonw: ee22248e-81d5-4f37-a841-3f5125a3fd5a
Unknonw: f9f2f728-52bb-4162-85a2-f3407d9a70b1
Unknonw: a6d50bdd-c4fd-4763-98f5-64812e7b60cd
Unknonw: 7556dde2-ceb9-49b7-9078-ecf8a77eb805
Unknonw: 1710a771-a670-47d6-acef-cfb94318a3e0
Unknonw: 55380ac7-83f5-4d9c-a3af-3a07c7aa998b
Unknonw: 79bd4682-344b-4ecd-acd0-f5bf0633f60c
Unknonw: b843fab7-302a-4b93-a992-59b63d378d17
Unknonw: 2e5e52f5-4e0a-4bfc-ba72-95e133f39eb4
Unknonw: 1be11e86-bdd3-4680-bdcf-f9ef95c42c25
Unknonw: d7142a94-eff6-4e07-938d-3860695f232d
Unknonw: 9840aee5-26d3-44b9-8ac5-a666d2cd6662
Unknonw: caaff953-34b8-4b13-a106-d596704e464b
Unknonw: a9847c6a-64e4-49aa-a0a4-c3e137c6b80a
Unknonw: 0c890dcc-201d-4462-a350-1ecd31a5e655
Unknonw: 0b557b52-11c2-4c8a-acb3-aced7588c1df
Unknonw: cc14bb6b-6ff2-4482-b788-6d9cd2bed30a
Unknonw: 48c31ac2-5150-410c-88cf-903f1e7e6375
Unknonw: 3aeaabe4-e202-4cc0-9d44-a164f328b914
Unknonw: 47f6eb82-577c-4bac-bdc7-0e89c5018e59
Unknonw: a5573da6-6029-42b9-a605-a93fa4eddd73
Unknonw: dd739a7b-3321-43b1-aa2d-aff0dbfa567a
Unknonw: 1b715c77-b194-4363-b984-02817768f446
Unknonw: 8f19aade-0e46-478d-bac7-10984f7cb584
Unknonw: 7da2ff6b-3542-48fa-a323-72b625ec23c2
Unknonw: 84e3b5fb-5fc1-4e1b-9593-d79bbc4bcafb
Unknonw: 765f5d8c-0b52-4c5b-8ecf-5446d14dfbcb
Unknonw: 47475f81-3708-4f73-a341-851608b84af4
Unknonw: fda2732e-cb0e-4baa-90e0-eb98f8bbb991
Unknonw: ab211af6-d142-4c59-90fe-ae75bc45cb1a
Unknonw: b987e6ca-0f5b-4dcd-8630-99d433afc903
Unknonw: 75a33d0f-5f6a-48f2-8283-365723172deb
Unknonw: ec2d95a9-60ab-495b-bebd-19b9b6ae0f22
Unknonw: 50778784-8f5c-4425-9054-f2cceaa57500
Unknonw: 2d508f33-1c62-4e44-8eb2-567b70a43d36
Unknonw: facbf5f2-a6e3-471d-ade8-3ac07856b23a
Unknonw: 4bb0290e-b31b-4ce8-9076-055913046ffb
Unknonw: f6672a99-d695-4520-85da-5af5540ff165
Unknonw: e16628d3-f478-4d9a-a57e-b725d49101c8
Unknonw: 1e1d2d41-8f90-4808-85ac-4415565bb322
Unknonw: 79613562-afb1-4eb8-a25a-d4b6c1e23393
Unknonw: c623bc5a-df3c-4892-90aa-e7ceb99fe159
Unknonw: b81d3c9d-21ae-4896-924a-e62f25c3a976
Unknonw: d395c8cd-eb52-456e-bf44-9d89161ec22e
Unknonw: 4a3eaf3c-2716-40f2-86d9-36786d3aa85b
Unknonw: 3f78a7bd-249f-443d-935e-179a564ab4f0
Unknonw: cab9da0a-78b8-45da-90ee-dcfd498d7084
Unknonw: e21552e8-b398-468a-9264-bf81f5d5185f
Unknonw: 6cec69b5-4522-41b1-bae2-ac14fd9fc927
Unknonw: 910788ea-d3f9-47ae-8368-1c58a900771a
Unknonw: abdabcb2-4e8a-41f6-a833-ca87ec467946
Unknonw: 2c251001-fdaa-4a6a-94ed-70efecc4df30
Unknonw: 4bf00fed-5d96-436a-9bb5-b7a935b80310
Unknonw: 278230d8-5b60-42f6-bf37-2052bfadcf39
Unknonw: 5db67158-f9e6-4a98-9cbe-e5948fb0c00a
Unknonw: f82309c7-8f1d-4671-851e-c452fc70371c
Unknonw: 7250c72d-acc0-4baf-adff-21b4f929a781
Unknonw: 9803331f-8bc4-4af0-bb89-3231ce3807f0
Unknonw: b1e3c599-245a-4c15-93ce-52ec6eeda0a1
Unknonw: 763211cd-8b32-4f4d-8584-1825b78504f4
Unknonw: acef293c-dc7e-4989-8dd2-49dc5e57c16c
Unknonw: f381889f-88a5-4492-9a0c-f13c6e50a2f2
Unknonw: 8de8ba17-70fb-426e-8ff5-1f05b8f5c3aa
Unknonw: 10260828-30f4-4ffc-b39a-dfcca7da12bc
Unknonw: 0d831369-1a3d-4789-9870-9d571e4f4fb1
Unknonw: 67d62a91-a0e1-45fa-b57e-f32efcbe2495
Unknonw: 86049a0e-17c8-416d-8cde-e7d4c8b467b3
Unknonw: 6d99070a-8520-4bff-8210-e0c40f12a560
Unknonw: 599858f5-49d5-4d46-a82a-383d1d517cee
Unknonw: 0c33d479-ae92-4ba8-8c32-928aabbc25a6
Unknonw: 178a52fb-ccb5-4d2f-80e1-fc230da51d58
Unknonw: 08e81b4a-3f86-4b62-b625-381f76f7d48e
Unknonw: f3254a48-597c-4040-a7aa-a6fa8ff41743
Unknonw: 0d759ed7-e23f-4fe2-b4ce-2f11e7adc704
Finished, found: 110 results
1631716302.248153
1631716408.910018
Waiting for query to complete ...
Waiting for query to complete ...
Downloaded: 370
Unknonw: 912f2e06-6bc8-4037-b6e7-92ec35758398
Unknonw: 9f6e760e-fcd9-4f15-90f9-452ab7653c1c
Unknonw: 728e5584-4fd6-48ce-8a1e-c4d4643193b3
Unknonw: 3b11afcd-1f76-4cf4-9f7b-388ef6fc8d62
Unknonw: 2befda86-4948-447c-babf-b10da13f18cc
Unknonw: 882cd876-9c94-400f-9da0-7d39b684edee
Unknonw: 0874ae5b-616e-4b71-8ef1-298d30e2b05e
Unknonw: be2457cc-9647-443d-84f0-2fe23b875e5f
Unknonw: 7ef5ba7f-4023-46f0-bcd3-9826bf5cfc08
Unknonw: a4f95783-4482-4ece-818d-1e93c54bb2a0
Unknonw: 6fb37334-1cd2-4e66-9ae9-590df62c6206
Unknonw: 11fd9fff-560e-4d0c-ae5c-5708ce86995f
Unknonw: 25f4c3a0-0472-4c59-8c94-3212394926a7
Unknonw: 24c33940-a5c5-4c32-badf-84ce0bd232f1
Unknonw: 3acf751a-a402-45b1-8e06-0f8fbf9fa5b6
Unknonw: 161afbc2-aa39-4086-bc60-b09ab6738b13
Unknonw: 0c53d9f1-2f88-4e17-b314-261f4256a897
Unknonw: 1395351f-cf8e-4bd1-a86f-0a09143f7d2a
Unknonw: a4268b53-a614-4935-bbe5-7c2957ab47ee
Unknonw: d388d403-0ac8-41f0-ad51-a7d5a17bbac1
Unknonw: 77c962e3-f940-44ec-a143-06d8a0672d40
Unknonw: e1c99245-127f-46b4-83f0-f28376b10318
Unknonw: 879f36f0-8ce6-4451-a821-35061463f4e3
Unknonw: 4a93b194-8975-46a3-988d-bf2455c1c683
Unknonw: 62408c5e-748e-4eb7-b787-b301df75fc0d
Unknonw: 3560f330-d611-4639-86e1-448f25237d68
Unknonw: 357059a5-8f5a-469a-9ae6-bdb07e58c87d
Unknonw: ba6b8c15-59b2-441f-ba82-6cf4bd64715a
Unknonw: 302851fd-fad4-4fb9-b913-c78b84ca0199
Unknonw: f5ef9b2d-a9ea-4a92-a2e1-d1436eec4d10
Unknonw: 9f9999be-dc9e-4b41-afd4-4dae18ce57d0
Unknonw: 4234a7d6-e9e4-4b56-97c4-05b1263fe312
Unknonw: 0afc4271-b73a-4676-bf09-0150cdfa1195
Unknonw: 45258855-4e49-42df-8d24-2f2952f60b26
Unknonw: f883bb20-b106-4132-ba26-f2f4e8368cc1
Unknonw: 77f267d7-ce4f-4872-94f0-d3932960d2d6
Unknonw: 6677268a-cc58-4b16-b8a2-5968570290ee
Unknonw: 84dd5b19-4c33-48bf-8ee8-c87cd3b7c0c4
Unknonw: a97a9a6b-9f5e-408a-8666-08a0a8cb8bfb
Unknonw: 3226cedc-f707-424d-ab5a-2005854c884e
Unknonw: 363953bf-dd7c-4fae-82e8-745c11f8f3d0
Unknonw: d5d0b164-46f6-4a0b-90ab-6effebef0823
Unknonw: 70bad3c6-e99a-481b-8a3a-575556e7bcf4
Unknonw: fa271383-13af-4406-8f0a-8bd5c1e2d632
Unknonw: dac62d01-9368-4286-a046-baa272759e1a
Unknonw: 5842f505-b771-4c7a-8e09-463593f07e9b
Unknonw: 7fab00de-6a86-45bd-92ef-926b84f89a23
Unknonw: 6e3c35b1-a9a4-40b0-8c33-9ac164059e1e
Unknonw: ca6c855d-c89c-4073-9eac-ca9e67bad597
Unknonw: acb09240-dcac-4dc4-bdfd-6f0b8f01bf59
Unknonw: af78a947-a953-4ce0-918f-8d33257f5f12
Unknonw: 671182fc-d170-4425-bd86-659601a9866a
Unknonw: 0edc8983-4c99-4437-986a-93b06a3f39b8
Unknonw: 508ae8af-0478-4b08-86c5-ab1b14324990
Unknonw: 3782c766-4350-4467-866c-b9ce5dcc9a74
Unknonw: bd7db17c-31f5-44cf-a16d-00306213ca89
Unknonw: a9afb7c5-1ca6-4856-8928-d7f1508f8a88
Unknonw: d66d258a-878f-4b45-9a71-196a97d9e144
Unknonw: 78614a27-cea6-4d64-919c-cff6130775cc
Unknonw: 882987c7-3493-4ff5-aadb-0ef00504d501
Unknonw: 822d9e68-dda4-40f4-8c00-5722cd70b1a4
Unknonw: 5368b4f3-5a33-4938-b13e-c940b3c06964
Unknonw: c731d40d-6f43-4274-884a-731fc4fb57cd
Unknonw: 094a8f4b-8f2c-47ab-b3b0-9ef8203102a5
Unknonw: a92cc74d-5089-4479-be8c-ee74f7b9e497
Unknonw: 9ca0d746-a66e-4aab-8690-49e29a2aa754
Unknonw: e6e1869d-f97f-4185-88cd-9ad1083568be
Unknonw: 8d158859-8f47-4004-89d0-4a0d88b57a8e
Unknonw: 9bd925b3-e761-4550-a5f0-bb5ae895c7a3
Unknonw: 746e4620-9d18-4f91-bc2a-0824b30ec111
Unknonw: 4a4d77a3-7615-462d-b206-3ec245c0144e
Unknonw: c3d277e7-f82e-448c-8593-47f553710d66
Unknonw: 15207f62-e231-49fd-a271-e26fc64de183
Unknonw: 8010c127-0eea-442f-afd5-17b9a71205b0
Unknonw: 51012d34-3b1a-4d56-ae23-733ce05578f0
Unknonw: cfa203f1-0d6b-4195-bd66-74b85bab10be
Unknonw: 38f1d25f-c25a-48e8-a2a3-63038fc3155d
Unknonw: 64dc79cd-4517-4cd3-929d-88b8bc11dd66
Unknonw: 18bc9677-2400-4d7e-95c9-62d05d60889a
Unknonw: 42109d8b-81bd-49e1-a76c-abea428aea9f
Unknonw: 6a54ce9a-17ef-4bff-a1d0-a15f2fe9208d
Unknonw: 72e05207-1a7f-452c-9901-eef395adfc99
Unknonw: a03086cf-393f-4bfd-bbff-e2e3f1740570
Unknonw: b237649e-76ac-4f25-84c2-09338f114bed
Unknonw: 3d61b197-68b4-47b4-b9e6-b15fb499fab9
Unknonw: 2202d808-b509-43f8-b7b3-9783e3d6db51
Unknonw: 2890cf50-0b4c-48a8-b958-83abf128a3c8
Unknonw: 3a5c2a91-fa9c-478f-843b-2b19396cfcb5
Unknonw: e77c9315-284b-4aee-b5d2-d8fdcf9b3c9c
Unknonw: f0822e7e-17c3-4c3b-9dfc-3a58cd1d9c93
Unknonw: dfda394b-266b-4d6d-b70e-302ff1736c19
Unknonw: 6ea654d7-d5da-4d9b-ab32-7e0c57492345
Finished, found: 93 results
Waiting for query to complete ...
Waiting for query to complete ...
Downloaded: 366
Unknonw: 75492c92-2453-4920-ae14-8752598e73db
Unknonw: fd5522d8-540a-4256-8d75-a500159fcb48
Unknonw: eff15ae3-fbbc-49c4-ba8d-56dcefd3be18
Unknonw: a95b348f-51cc-4d96-9f9a-ddf0a32c42d6
Unknonw: 3e404408-cca7-46e2-ae96-9586ead209d2
Unknonw: 1992f659-2eeb-438c-8de4-405469d55cb9
Unknonw: 3bf99135-936e-4a62-9342-897c44e32c6d
Unknonw: 0c21796a-3fcf-464a-83eb-a30dde17190d
Unknonw: db5919b9-45b1-4b9d-82f9-c975b7cb8c7b
Unknonw: 217daacd-c9ed-44f2-886a-8ffdf69be8c3
Unknonw: 144062b2-7e98-4e31-a1bb-4eaca4cee651
Unknonw: 7b6e1026-4540-4a3e-a4ae-a6ec9c238050
Unknonw: 980f31ab-cc6c-475c-8f23-f84ef4697011
Unknonw: f1075843-c79d-4382-af59-3b34f9e62969
Unknonw: 9db98096-9c8f-4596-b319-7023eac5e0a3
Unknonw: 285e857e-2f71-477f-a26f-27e7c258fc6c
Unknonw: 7098005a-aff6-4a8c-86f8-f53801f35ba2
Unknonw: ac1f47bf-86c0-445d-8e8b-092d659da12e
Unknonw: c16d17e3-23a0-47e1-84f3-be3eb2a60410
Unknonw: 89e311ff-ff84-46b5-8c9a-c4daad69c641
Unknonw: 3d7b5319-5b0d-452b-bd9f-638c4f355deb
Unknonw: fa298367-e2fb-4d0e-89f9-77ce457ab37e
Unknonw: 109527db-7e09-48f1-9cbc-503c64711a6d
Unknonw: e51b3dab-ab09-4221-9c50-7fadaf715361
Unknonw: 72d095f1-4305-4f0f-a7f1-4b0bbdeae23b
Unknonw: 41300ab3-ddd8-4480-afa0-f95014e16ca6
Unknonw: ab0893af-156a-492f-ba1d-663f3f2b8e0f
Unknonw: ca330f25-cf1d-4e0d-8495-ac6d2e853421
Unknonw: 734d0170-5a82-45d8-9fcf-f3a79a82fdcd
Unknonw: ace8629f-8784-4d9b-8f88-8ed06ff708b5
Unknonw: e6bf8529-cdca-4914-a90a-f45b311f64a1
Unknonw: 9f1931b8-c066-4743-8927-81ef0c104306
Unknonw: b3e7f777-e98f-44db-ab76-1102bb08c030
Unknonw: 5ac0b5fd-071e-4322-8cee-0484e85caa2d
Unknonw: b7dceb11-0fb4-4c53-85ce-f613f3a3fd66
Unknonw: 15ba4801-f027-4fea-9fd7-cdb4c131ad54
Unknonw: c8dd54e9-ee90-47ae-83b5-40fe3b1e038f
Unknonw: 8bd49f12-87e2-4407-a2a5-771d69d2c9bb
Unknonw: 3009048d-32d1-457e-906f-b57a5d05df71
Unknonw: 4647594e-4c70-44db-a747-dd928c63009d
Unknonw: 64c0f9cf-8522-4030-9b06-c8d88793ff13
Unknonw: dd2c1b3d-7c67-4bd0-b77b-ab8ea00cf675
Unknonw: bbb759e4-07c4-4ace-a0f7-d55303426d48
Unknonw: c5bc918a-dfff-442f-84c9-46f951361cab
Unknonw: e29d799d-5936-4de6-9cb2-c16588f8c1e1
Unknonw: 97369548-4151-4450-b7c2-343bad5d5c47
Unknonw: 108734fe-e202-4420-ad49-86ea7377f137
Unknonw: ee22248e-81d5-4f37-a841-3f5125a3fd5a
Unknonw: 1710a771-a670-47d6-acef-cfb94318a3e0
Unknonw: 8f19aade-0e46-478d-bac7-10984f7cb584
Unknonw: facbf5f2-a6e3-471d-ade8-3ac07856b23a
Unknonw: d217b17c-16f0-43fe-89ae-4e7484ba8cd6
Unknonw: 4bb0290e-b31b-4ce8-9076-055913046ffb
Unknonw: 5e1864c6-019f-4e14-88d9-d7627deba39b
Unknonw: 0d9eb070-8ba4-4207-bcca-0e22f0351746
Unknonw: f6672a99-d695-4520-85da-5af5540ff165
Unknonw: e0309f6d-76b8-4e62-bf25-50ae83407c5e
Unknonw: 85a3aa95-20f4-47cc-b5a5-0dbbcbac9d9b
Unknonw: 08520668-f617-4771-82ed-3ced28fb3004
Unknonw: d4fd0166-e016-4cd7-8535-f1ffda0118e9
Unknonw: 34889c9e-ae04-4fba-bcef-aed59c4478e4
Unknonw: e16628d3-f478-4d9a-a57e-b725d49101c8
Unknonw: 460742f7-97c0-441c-b5d3-dc7698ac6fd0
Unknonw: df09b55d-d0ca-4317-9ebc-6bb3f4bcf97e
Unknonw: c239cd8c-da61-475f-9e70-449da79b05b8
Unknonw: 1e1d2d41-8f90-4808-85ac-4415565bb322
Unknonw: 952a4acd-97aa-4cf9-bf23-8c372475a913
Unknonw: 46963b3e-d8db-4b4c-9782-b2d7955281d9
Unknonw: 420f5af5-ce67-48e8-977d-39ccb84fe374
Unknonw: 3e16856e-45b6-4295-af39-827bc841bf37
Unknonw: 21ccc8ea-caa4-424c-87d5-e7d5311904fe
Unknonw: bce52419-0c15-4484-9677-7d76af71550b
Finished, found: 111 results
1631716423.281845
1631716525.004915
Waiting for query to complete ...
Waiting for query to complete ...
Waiting for query to complete ...
Downloaded: 292
Unknonw: bacb09a2-cb9d-4a4d-a044-d4dd8788afa7
Unknonw: 23790c55-f2e7-404a-970f-d6a1bbefd71c
Unknonw: 08bf32fe-6262-47a9-a396-52c11c53cc46
Unknonw: 60cb9a8f-a269-4db1-9676-4bfadbc5c705
Unknonw: f9df8e08-c55d-478e-b374-a7fe7c960294
Unknonw: e12b352e-c922-481f-8330-560e48261f6d
Unknonw: 0495e1b9-a6da-41f7-bc29-5a81579670ff
Unknonw: 3599ea85-3088-4f0c-8cca-42dfefd1f3b3
Unknonw: 8010cea0-0317-4785-843e-8bce759a15fa
Unknonw: de1b881b-fbe3-424a-997c-bc330ffbc0da
Unknonw: 9354d5e8-c83a-4736-884b-01d510f46c0d
Unknonw: ce14a487-8b12-4eb9-8d11-84062067e1e1
Unknonw: 4412755b-88bc-445f-82c0-5d719cf3ea85
Unknonw: fcf3cf45-4e86-4309-800b-d36f02fb63cf
Unknonw: 0874ae5b-616e-4b71-8ef1-298d30e2b05e
Unknonw: be2457cc-9647-443d-84f0-2fe23b875e5f
Unknonw: a4f95783-4482-4ece-818d-1e93c54bb2a0
Unknonw: 1395351f-cf8e-4bd1-a86f-0a09143f7d2a
Unknonw: 302851fd-fad4-4fb9-b913-c78b84ca0199
Unknonw: 4234a7d6-e9e4-4b56-97c4-05b1263fe312
Unknonw: 3226cedc-f707-424d-ab5a-2005854c884e
Unknonw: 00f62cf0-0694-43b0-a746-301155a99645
Unknonw: 67152cb5-b979-4868-9251-5cdde925e53f
Unknonw: 565d2089-64b7-4156-8184-45fb3fc2347d
Unknonw: 106c249d-4562-485e-8b3e-49760baefa44
Unknonw: df206988-1301-48e8-98bc-43945f60fe0c
Unknonw: aa66a60d-38e9-437b-84b9-5cd3834ff1c2
Unknonw: a83c9580-3e61-49ad-ade1-978bfac28496
Unknonw: 9f74ee74-cac0-416d-8808-7a738ace4c84
Unknonw: 08e45f97-835f-4e47-842d-31c799076605
Unknonw: e2602174-4c9c-4739-98b2-ab3221d89799
Unknonw: 40744674-070d-4a33-92e2-3977977ab4ae
Unknonw: c20cd869-8682-42b2-86af-f2dcad5fe45c
Unknonw: f434b6ef-3351-4589-b95d-8c4551d29fe1
Unknonw: 363953bf-dd7c-4fae-82e8-745c11f8f3d0
Unknonw: 4ad73e57-99e0-4c09-9f53-3faf8bbe9d8c
Unknonw: d5e9f473-f2c0-45d4-8c4f-571948b46d36
Unknonw: b4040080-38a7-4d2f-baed-b7ca06bfa6b2
Unknonw: 507c54e8-61cc-4798-b82a-5658fcfb4ea6
Unknonw: 679edae1-1632-4ce1-a6f0-3062a91dc4cb
Unknonw: 17abcc28-1779-40e0-820c-9f2fbc5d35e2
Unknonw: 1c10c504-edca-4a07-8f8f-f6fd81dbb3a6
Unknonw: d5d0b164-46f6-4a0b-90ab-6effebef0823
Unknonw: 6fefb226-01b9-4b51-8178-7e4b6bf4daa5
Finished, found: 102 results
Waiting for query to complete ...
^B^[[5~Waiting for query to complete ...
Waiting for query to complete ...
^B^[[5~Downloaded: 288
Unknonw: b1ec94fe-e1e2-4205-9876-c3827ad51c47
Unknonw: fbd97367-294d-42a7-a3ae-de4318e0a1ee
Unknonw: b7079792-aee3-4abe-af16-9cf4e098250e
Unknonw: 4a1e958d-3176-4d3a-9c86-71dd91c63bc8
Unknonw: ae5fc5d7-ee2d-4305-937f-cc5a79909e8f
Unknonw: aab5ee6a-7fea-4294-8092-24b60481323e
Unknonw: 4efd1359-751e-426d-9538-4a5c39af5a08
Unknonw: fed93f07-02f9-43e4-a4e1-2988f0b99531
Unknonw: e369b93e-9ac4-4f7e-9fa1-8b1e2caa1769
Unknonw: cbd9cc9b-5a1f-49a4-98a1-f4fb412abc05
Unknonw: 99913b50-6ccd-4694-8603-5937fddb7ade
Unknonw: b8263b2c-4e78-44f2-8511-e738ef1f25c7
Unknonw: 710afcfd-51c5-43bf-9d28-869d3817f751
Unknonw: b124185e-bfb6-4cfc-a502-ee87d226a9da
Unknonw: d3eef44e-05fe-4081-96f9-f5c8f59091ef
Unknonw: 0dff9aa5-c53b-411b-9675-7bcdb03a4718
Unknonw: 6b092fba-f24f-4cef-9fca-4b0a4f90f8a2
Unknonw: fd5522d8-540a-4256-8d75-a500159fcb48
Unknonw: 0c21796a-3fcf-464a-83eb-a30dde17190d
Unknonw: 285e857e-2f71-477f-a26f-27e7c258fc6c
Unknonw: ac1f47bf-86c0-445d-8e8b-092d659da12e
Unknonw: c16d17e3-23a0-47e1-84f3-be3eb2a60410
Unknonw: 41300ab3-ddd8-4480-afa0-f95014e16ca6
Unknonw: b7dceb11-0fb4-4c53-85ce-f613f3a3fd66
Unknonw: 15ba4801-f027-4fea-9fd7-cdb4c131ad54
Unknonw: c8dd54e9-ee90-47ae-83b5-40fe3b1e038f
Unknonw: 3009048d-32d1-457e-906f-b57a5d05df71
Unknonw: 4647594e-4c70-44db-a747-dd928c63009d
Unknonw: 9a2e2f4a-f1e7-44f5-8847-38e7fee788c4
Unknonw: 2f577562-9b84-43cd-a8d7-ca236e9ab1cd
Unknonw: c59a03c8-d364-4628-8be7-4b5184d560bb
Unknonw: 34dd6f7c-3d01-4237-b815-bfa46ebb7f06
Unknonw: 64c0f9cf-8522-4030-9b06-c8d88793ff13
Unknonw: fba308de-9b9d-4f21-9a29-1a3681406a3b
Unknonw: c0c9834c-60c1-475d-a2b0-5ebc5e0a7b28
Unknonw: 70fd8e94-6212-48c0-903f-7b71d87fc201
Unknonw: a0f14443-d706-4f61-987b-667ad3398b42
Unknonw: b8c79730-7a05-41a9-90dd-e601b2a578c8
Unknonw: d51d5150-4522-408c-b931-e88c6ae521f3
Unknonw: b9bfec54-db6a-40ef-85f8-1ef46e3370ac
Unknonw: 1f489ec8-60f3-48c5-9eba-77d377058067
Unknonw: c046e1d2-5bdd-405e-880a-15900f80517c
Unknonw: dd2c1b3d-7c67-4bd0-b77b-ab8ea00cf675
Unknonw: 22248a87-0693-4acb-8e85-066e62b812de
Unknonw: 12b7f44a-3d09-461e-ad46-2ca0a65dffa6
Unknonw: 4d81c8fe-538f-44e2-8ba9-1bc5135f5310
Unknonw: bad8aba4-f54c-449a-ae4e-2bc423428942
Unknonw: 3abc03c3-1b00-4893-9896-3c73c5da206a
Unknonw: 5914c487-3d59-441b-aa90-8a00b7cd5323
Unknonw: bbd41ea3-d063-4040-bbc5-357275a62506
Finished, found: 94 results

Script done on 2021-09-15 14:50:44+00:00 [COMMAND_EXIT_CODE="0"]
