Script started on 2021-09-15 16:12:36+00:00 [TERM="xterm-256color" TTY="/dev/pts/1" COLUMNS="238" LINES="60"]
1631721430.092166
1631721624.287798
Waiting for query to complete ...
Waiting for query to complete ...
Waiting for query to complete ...
Downloaded: 342
Finished, found: 127 results
Waiting for query to complete ...
Waiting for query to complete ...
Waiting for query to complete ...
Downloaded: 338
Finished, found: 133 results
1631721639.14123
1631721797.516057
Waiting for query to complete ...
Waiting for query to complete ...
Waiting for query to complete ...
Downloaded: 392
Finished, found: 110 results
Waiting for query to complete ...
Waiting for query to complete ...
Waiting for query to complete ...
Downloaded: 388
Finished, found: 121 results
1631721812.888183
1631721955.334963
Waiting for query to complete ...
Waiting for query to complete ...
Waiting for query to complete ...
Downloaded: 410
Finished, found: 111 results
Waiting for query to complete ...
Waiting for query to complete ...
Waiting for query to complete ...
Downloaded: 404
Finished, found: 122 results
1631721969.257232
1631722101.724472
Waiting for query to complete ...
Waiting for query to complete ...
Waiting for query to complete ...
Downloaded: 418
Finished, found: 114 results
Waiting for query to complete ...
Waiting for query to complete ...
Waiting for query to complete ...
Downloaded: 416
Finished, found: 119 results
1631722116.257275
1631722250.354561
Waiting for query to complete ...
Waiting for query to complete ...
Waiting for query to complete ...
Downloaded: 354
Finished, found: 107 results
Waiting for query to complete ...
Waiting for query to complete ...
Waiting for query to complete ...
Downloaded: 350
Finished, found: 113 results

Script done on 2021-09-15 16:13:09+00:00 [COMMAND_EXIT_CODE="0"]
