Script started on 2021-09-15 15:04:48+00:00 [TERM="xterm-256color" TTY="/dev/pts/1" COLUMNS="238" LINES="60"]
1631717566.322021
1631717704.269995
Waiting for query to complete ...
Waiting for query to complete ...
Downloaded: 356
Unknonw: e809d10f-d91e-45e3-a503-a119e141e003
Unknonw: ae7eac40-8901-4e9e-8c2a-1fec94a181bc
Unknonw: ef0c3c8d-a41b-41e6-9194-03a1f74f6e0b
Unknonw: d63a6e3b-1204-49d2-bef2-a82f7c4a6d05
Unknonw: d5f4a453-b408-4e64-a8fd-4475c704f1e8
Unknonw: 93630b18-2db4-46b3-8282-98b1c57bda03
Unknonw: 1bca5b21-042c-4cf7-850d-a15f5be734f0
Unknonw: 5db250c2-fd34-493f-a095-fb990f643a48
Unknonw: f38f959d-e258-4577-88bc-a015cce5b154
Unknonw: 7da46838-078e-4ec2-bfe3-f89ead024f76
Unknonw: 196e64df-8281-4aaf-8ead-4bb6221b855e
Unknonw: 756d4aa5-f4e3-48c9-a675-81464b1acef3
Unknonw: a5c0182f-4fbb-48ad-99b5-19785ffb116a
Unknonw: 29b5a23b-33e8-493f-91a5-92bda6ad937d
Unknonw: 56ef40a4-005b-424e-b535-d337036e4935
Unknonw: f75e6f96-1f7f-4980-b5d7-b4dfe8edd41e
Unknonw: 83111a88-b3ed-4c70-af53-3d8d4d0bb3f9
Unknonw: ff5ceceb-8d4b-4624-af03-adfb825f7f32
Unknonw: 92764877-8d69-4296-b7e5-2e2687539757
Unknonw: 74d356ba-0f32-44bb-b15b-8c1cbca67d28
Unknonw: 6f23011a-6db9-44b6-b0a3-d17960cb2c3f
Unknonw: 473df739-42c8-4cc3-9b48-b8d0aef88a87
Unknonw: f3989237-ef7d-40cc-9863-c174d8b71f4d
Unknonw: fc18dc2d-865f-409a-9c22-982ec80d742b
Unknonw: 57ab807b-dbde-4095-b83d-e75a6d805790
Unknonw: 86e988c5-1f81-440e-9fcf-b1326c3012e9
Unknonw: 532caab7-dcf6-4a32-940b-cb36e5d6ee0e
Unknonw: 8c1c1dbd-07ab-46b7-9846-e9515d2e8d8d
Unknonw: cbf5e9f6-2bad-46c2-afac-666e954bba9a
Unknonw: 7ed0ebd7-afb7-467c-ad1a-030120989883
Unknonw: 8f241caa-03de-41c0-bab9-d38cd283a022
Unknonw: 2d17d98e-82d2-499f-b42b-35f6b2cfe61e
Unknonw: 4475cbe3-6577-4358-a2c4-2692d663af3f
Unknonw: ffd8c665-3d9e-4b65-8569-18d7d117595f
Unknonw: 4d3a51b4-9e59-4781-b49c-b6d7ed8112cd
Unknonw: 58416465-8f4c-4b17-961b-6edf6996b765
Unknonw: 50111d8b-34a0-4cd3-99e9-50cd0626be9d
Unknonw: 638e8e9c-44ea-4114-ae52-337b831455e5
Unknonw: 1802e198-9d24-4c91-996d-a3f478647d8a
Unknonw: c1be3416-bdab-4d23-9f97-7993c7210243
Unknonw: 4e789c49-5296-48fa-9665-1e2db3f632bc
Unknonw: 5bc0c883-29ef-4252-8ecc-08d273a139f2
Unknonw: 927ecbfe-6f58-4224-b71c-7ad284e02d64
Unknonw: 6643430e-dc5f-484f-9d74-877bac5d0956
Unknonw: b174c5f7-e2eb-4da0-bf53-f54a51795735
Unknonw: 7aaa2aa9-12d2-4fcc-a05d-0051dd8a4992
Unknonw: 2862f671-e243-4b43-b1d7-910dc0d8b61f
Unknonw: 9d144dbd-0ec3-4f6f-87d3-caec680e1cc9
Unknonw: ab327e01-6535-4ab4-b181-dc2d9696df21
Unknonw: 16083824-f2bf-483d-bc8c-f26fe2c7c90f
Unknonw: bca90fbb-de63-4141-aa86-0ebe73e60e47
Unknonw: a0c88da6-6bd7-491e-a46e-ae6e1c1114a1
Unknonw: d429faf1-d9d0-42be-b525-26ee5e6dafa9
Finished, found: 125 results
Waiting for query to complete ...
Waiting for query to complete ...
Downloaded: 352
Unknonw: 213fbff1-3cd4-4231-8058-9e8e476374a7
Unknonw: 9119d111-fd6b-4057-8a4d-0d5585a67923
Unknonw: 220ae68b-c859-488c-bb30-be93b3e1192a
Unknonw: 46884884-6998-43a4-98aa-a76783e04c48
Unknonw: f453b4b1-c38d-4155-82f2-04a399d70a63
Unknonw: 46b19ab0-21bf-4681-9c0a-e6d6b995d828
Unknonw: 82f9a984-c1af-4b60-b760-7713a633a00c
Unknonw: 3f4e89c3-9edf-4486-8deb-6442965783f2
Unknonw: 22e61819-0326-4d7c-8224-ef0b00ad706f
Unknonw: 41f1ae5f-4ef5-4856-b56e-23a308e0a45b
Unknonw: 9e5db104-01b7-4094-a02a-bc2c95f25500
Unknonw: 5d784d8e-3c95-4aff-b843-a05af6e993c1
Unknonw: 395ced41-8e99-4947-9834-8524e88ebdc1
Unknonw: 74b689e0-19c6-4199-bc4c-7ce84b1d6f02
Unknonw: 3c14d2cd-1647-4306-886a-5d50730337c2
Unknonw: ba0951c1-7a61-431b-bf04-d5ae0e0ce9f9
Unknonw: f71c85f7-f569-4c3e-94cc-582cfa7457bd
Unknonw: 1b4ef4e8-92a4-4b00-9f65-d8fb7667036b
Unknonw: 79f5e16b-8c3a-4d75-9d2f-6ab0e2c3c553
Unknonw: 264d5c68-33e6-446d-9555-7f614f1277c9
Unknonw: a60ac556-7862-4d0a-aeff-bfa7b8e36a37
Unknonw: 8a51aab6-caa5-4236-92d5-ded70fd81168
Unknonw: 9087a765-5b73-4e5a-ad4c-56648a564fd9
Unknonw: 81ab65c2-fb71-49d6-8653-342dbab3e099
Unknonw: e6182ded-a941-4ac1-9d72-05b4d8828fb9
Unknonw: 6405736b-ca28-4acd-a5dd-46a97e51e62e
Unknonw: 88e67bb0-9e6e-4967-a662-1b4a990538b2
Unknonw: 6a5aee66-90f1-446a-a588-f6a270777575
Unknonw: b99a3f77-6e96-495c-8f52-0ff649729d1a
Unknonw: b1ecf33c-841a-4f70-9ae3-9e02e2c4383a
Unknonw: de2287b7-8f1a-427e-993d-a13708f82719
Unknonw: ea2e3fc2-0f2a-4be8-9940-241afa7b7eae
Unknonw: 2ebde8a7-ac48-41d7-bbe3-d6aaeb8c92c5
Unknonw: 3b26f4a6-dc9b-49fa-96d9-a97ef4f810c0
Unknonw: 8c2c52bc-70a6-40a8-a18f-4ea640ceced2
Unknonw: 1dbf2f09-d557-4d3b-90ed-5086c87b521a
Unknonw: d648420b-02bb-4d7a-add4-02f8865272c6
Unknonw: 6a4743a4-f59a-477b-8c86-b770fb9b3f5f
Unknonw: fa739a83-5f72-4291-bb75-b76291871efe
Unknonw: cbfafe9b-0b61-4dfd-825e-6046edd6a4cc
Unknonw: 3a5fb633-dd31-4601-b6ea-e57738515a15
Unknonw: 53a4867f-8b04-4af8-8632-2f060a7b522b
Unknonw: 72a5659b-fb00-41b4-9781-c5921c683238
Unknonw: 0b6b1c0a-e0ea-4cb5-b1ec-de5f1a428112
Unknonw: df429d0b-d918-4cd7-90a7-539e051f4c32
Unknonw: d7f63f76-afd1-4486-9d46-88903e33af8c
Unknonw: bedd13a8-6a9d-4b08-82f7-2cf1216afb50
Finished, found: 129 results
1631717718.547675
1631717837.682693
Waiting for query to complete ...
Waiting for query to complete ...
Waiting for query to complete ...
Downloaded: 396
Unknonw: ca9ffd7e-037d-42a1-97f7-190298598320
Unknonw: 9172f450-a3e3-44fd-baac-d35ca8d2fe3b
Unknonw: d1f13a3c-e7b0-4169-aaea-b3c427644f61
Unknonw: 9a77b296-7819-4338-ad64-8cc980caa8ea
Unknonw: 8ea075b4-b035-49b5-b9a8-fa8e554e30b8
Unknonw: c30520a4-27fe-4015-8ac8-7cbefad34b1e
Unknonw: ef61f867-9de9-4067-9457-fc67721967d4
Unknonw: 93d7ca37-32c3-49e3-b3cf-86adb11cec6e
Unknonw: df397ea7-c6ec-4f0e-a0df-c342c6754f13
Unknonw: abf6af81-4c8d-432f-beb0-e674daa8f971
Unknonw: 5beab488-ac6c-40b5-b812-b4300fa66bd4
Unknonw: 02fa1f7f-adb3-4d18-afa1-57555a8581d5
Unknonw: 8165dc07-768c-49a5-bb83-6729c115c882
Unknonw: 2dc1f364-53c8-42fb-a12b-304e4d108870
Unknonw: e18e7f41-3a44-49c0-a5e5-360b20e24929
Unknonw: f13d605f-c8bc-499c-836d-57ccbecc906d
Unknonw: d2e559b1-6b37-471d-b181-3bb2f5eb425a
Unknonw: 854ec37b-6ba8-4ea7-853f-00d1800a0cdb
Unknonw: b56c8752-9185-4e77-99c9-4949886764dd
Unknonw: e1cf2e99-9d6b-4e42-9c12-329ee955badc
Unknonw: ef262cbc-c16c-4d27-baff-27cd36168d66
Unknonw: 1ea0b65d-9dde-4634-9b13-a59f736eff48
Unknonw: cba9c193-5183-4729-9350-978caa908889
Unknonw: 654dc5cf-92f1-4ec3-9382-dc8df5dba866
Unknonw: 3204c298-c343-4591-afe1-5fc06be6663b
Unknonw: df103d29-2de2-452e-9b91-e5d1bfcb4aa7
Unknonw: 477fd304-7d41-4c6a-b16b-be516ae999df
Unknonw: 24c441f1-042c-4835-9ceb-29f4416ec8ee
Unknonw: fe5f758c-c798-4468-a529-127fac8e5c53
Unknonw: a16169a1-ee0c-4128-8bfc-f3fd76d21411
Unknonw: 26325081-7584-47db-afbf-84717d2a8007
Unknonw: 1edd038f-0fa3-4f76-b92d-8cd7ccf74e2a
Unknonw: 8bbcefa1-5586-4944-93e3-a016caf97048
Unknonw: 95829b9d-7a1a-4a99-bb86-51a2e1ea010d
Unknonw: ae4a210f-e27c-47e1-b81f-0b212f287968
Unknonw: 4e3ec37f-ec17-4088-9729-30dbf54746e3
Unknonw: 8e7a0c0f-0b6d-4583-adc8-141faa81568d
Unknonw: c57aa3c0-a8d1-48ca-ad86-b094e9f6f8cd
Unknonw: ddb7baa1-9378-4877-85ef-a4102db8c076
Unknonw: b5e66f0f-32d2-4365-af81-27a326e64b40
Unknonw: 96e7a49a-41fd-4e51-acbe-847801cea621
Unknonw: 5d81bcb6-31a3-41c3-b48e-0b7986c494fd
Unknonw: 87298e5c-7f2b-460a-b3c8-6622f38e51bf
Unknonw: 0297fb0d-2b38-4f63-bfb6-003177539e9e
Unknonw: b7b2ea9d-48be-484e-88e4-c7899f674dff
Unknonw: b4c490e2-7001-4091-8e6e-59102f426171
Unknonw: ae7eac40-8901-4e9e-8c2a-1fec94a181bc
Unknonw: d5f4a453-b408-4e64-a8fd-4475c704f1e8
Unknonw: 5db250c2-fd34-493f-a095-fb990f643a48
Unknonw: a5c0182f-4fbb-48ad-99b5-19785ffb116a
Unknonw: f75e6f96-1f7f-4980-b5d7-b4dfe8edd41e
Unknonw: 6f23011a-6db9-44b6-b0a3-d17960cb2c3f
Unknonw: 4d3a51b4-9e59-4781-b49c-b6d7ed8112cd
Unknonw: 1f486248-8547-4acb-82e4-393c91ec647b
Unknonw: bba5620b-b882-4809-91be-c567799d5847
Unknonw: b0cd2a9e-e2a2-4ec5-a6b4-ff8f18f91178
Unknonw: 522e2e4b-00fe-4ab9-a39e-cf3ae06d1592
Unknonw: e06be12e-bc95-47f0-803f-87e5e6358910
Unknonw: d302a778-58eb-44a7-9cf7-0fdb282b870f
Unknonw: 006f134b-139d-4aa1-9c8e-c2553c89dc5b
Unknonw: c5f32ffd-8f05-48ea-b7da-f3f40a12a5d2
Unknonw: c01e02d1-6587-4a55-8832-c39499356d4e
Unknonw: cd4664d0-dd66-4baf-9787-1c27e9390af3
Unknonw: 90d98c13-fe84-4a0e-860a-2faf3bafc194
Unknonw: 1ddb2e7f-91b4-4943-a914-ce72dfaa28b6
Unknonw: 5b84ec6d-3609-4f91-8410-51bcc9a176cf
Unknonw: 670842a8-b29b-4d2d-af40-474e4485c70c
Unknonw: 650c339a-f307-4e9c-83dd-81103c744cc9
Unknonw: c94c6590-0c9c-4e31-ba7b-ae7e122e3605
Unknonw: 9e6ae9e4-37f9-479b-bb77-10d8b1861b8b
Unknonw: 46275be1-95dc-409c-8a48-033f35fb6be8
Unknonw: 2d06254b-5e79-4755-8eec-4423d8bf230c
Finished, found: 126 results
Waiting for query to complete ...
Waiting for query to complete ...
Downloaded: 392
Unknonw: d127bd01-07d2-4796-8ed7-e4d6c85fe837
Unknonw: 7f311b43-773e-4722-8cd2-94a9f9d126d5
Unknonw: 80caa6d1-afbf-480e-b788-6640f30c14cd
Unknonw: 2db8d9c5-7b49-4f64-b2bc-0b67a1c5eb9f
Unknonw: b907bc0d-412c-4692-9e2d-f4097f1e02db
Unknonw: 1e16bb45-9e88-495e-b4a6-b35876b623cd
Unknonw: 75158c5b-d9c5-458c-a2f1-76d97e3494e0
Unknonw: a13b9aa8-54b2-4f25-8fbc-e50ad41a6afd
Unknonw: eeaf5b59-fdfc-4560-965e-4744ea3dfe99
Unknonw: b2f5fb3f-7843-47cb-9fb2-cded98a27f75
Unknonw: 7063ab37-6179-488f-8da0-bea5ab0cdc54
Unknonw: a889d763-34c6-4d75-9656-044b5e82e10c
Unknonw: 08357141-7009-4100-8aba-4cd1e3805069
Unknonw: de82ef97-0958-4547-b3f5-d9ca369576c8
Unknonw: d1d0cbdd-9b79-4446-88d8-622017feab69
Unknonw: dc1f095a-69d3-41ef-9d1e-2151dc1cbc78
Unknonw: 99c6b861-d343-4b53-87d3-5413da6e9b3a
Unknonw: 97ac28a5-24fb-49d0-8e66-10465706aab3
Unknonw: 667b4690-0551-4402-86d2-a9ff212d28c4
Unknonw: 6bff0560-59cd-47e2-9943-eee561b65486
Unknonw: 4725bd6b-3bb6-4037-b899-1567965856cd
Unknonw: e461277c-ba1e-47c6-be32-43d1616052fa
Unknonw: e2eeee3f-9c60-4f6e-a15a-a0d0834c1d18
Unknonw: 4ab61203-3e0d-442a-b187-8a434c0c7af2
Unknonw: 47e1ebc8-f809-4929-8ae5-8989e48428f3
Unknonw: 02b8fc53-e400-43af-9e93-78439c46c280
Unknonw: 6cd2c702-cc58-431c-b9e4-79d8d1869f3b
Unknonw: 667daa59-b4a8-48c7-890f-9cde0cf8a259
Unknonw: dc4533c4-8162-4ded-a548-10d8f588762d
Unknonw: 287928e0-6fa4-4d7e-8c50-4b5e67683645
Unknonw: 9cd7985f-068b-44f1-bc43-d9ced3609ec9
Unknonw: 7837dc2f-5a71-4313-a289-4ede8afb6913
Unknonw: 87ba5b37-3801-4688-aad5-fe9ebaa50697
Unknonw: e28abe4f-b60b-4e1b-aa46-bd39b8593157
Unknonw: 1942d968-46b8-45f8-ba3d-c6361495e5b0
Unknonw: 9293d44d-9361-4d64-816c-95c27cf26bdc
Unknonw: ab221a1e-9e0c-48b9-8841-a8f6c82d359d
Unknonw: 3352522e-ed71-43f3-8a41-cc4dc3e67955
Unknonw: 75934b6e-24b1-49a6-882b-9514b47a2cb6
Unknonw: 756571a0-a5b1-4211-9b84-e7dac7d468e1
Unknonw: b28ec863-779b-4052-b92b-ce9026866c98
Unknonw: b7cec521-78a6-4dd9-8c3b-20d67f599230
Unknonw: afde17a9-a7f3-4bb2-af52-a53a73ae6d04
Unknonw: 91f19542-1bd5-4fe8-b39a-a0c9a26893fc
Unknonw: 9c88054c-10b6-4876-be6f-48b2a644136d
Unknonw: 49b3ba6f-2a58-4204-9b95-723d107f4d80
Unknonw: 3e26b1b8-d958-4b25-a393-3466bc4a45d5
Unknonw: 6941c26b-265e-4d47-9ff9-92bb1dc5c5bf
Unknonw: 46b19ab0-21bf-4681-9c0a-e6d6b995d828
Unknonw: 8c2c52bc-70a6-40a8-a18f-4ea640ceced2
Unknonw: 5a3f1461-657b-4438-a7d5-bcf460b51516
Unknonw: 6f76fc90-0748-48bf-9901-0648c9f334d2
Unknonw: 26bac0a6-08fa-447a-9878-a5c29c4ade3d
Unknonw: d43a856d-10cf-4b02-b83a-9a007f36b8f6
Unknonw: adc61d49-c424-4d9f-99c4-f83a5e9aad24
Unknonw: 3c2401af-5b94-4801-b5a7-fd920e1a39e3
Unknonw: 6188e3c0-bc39-4cb5-ac08-351f1760c2aa
Unknonw: f372a9df-2dc3-4726-b7e6-508a1e70e868
Unknonw: ce8adc03-a31d-4346-b814-d05df9d703e2
Unknonw: 07b40c23-65e3-4a88-9ac0-1451e5241ea4
Unknonw: 159e68a4-5d40-45dc-a305-d55797ff4cfb
Unknonw: ec8329ac-089f-4453-a34b-f6f839a0a9a6
Unknonw: 56421528-3397-47a6-b829-1fea765de1f8
Unknonw: af0eb83c-d7f4-46ed-b3e9-478b47b9729a
Unknonw: 4142e2d7-c2f9-4d15-8134-8bbc85ddfe23
Unknonw: 1dbf2f09-d557-4d3b-90ed-5086c87b521a
Unknonw: 1869c46f-0725-45c3-8ad3-be70e6f20fcb
Unknonw: f73eee78-0147-41e8-8b78-79781e0650b3
Unknonw: 420edbbf-c3c5-4962-a27e-431f3a568dc9
Finished, found: 127 results
1631717851.700618
1631717968.763852
Waiting for query to complete ...
Waiting for query to complete ...
Downloaded: 414
Unknonw: 9a8cc5ed-2a9b-4c6a-96fc-b5bab39748b9
Unknonw: f3c149ec-36dc-4e43-8211-531220d2c6a9
Unknonw: b5850999-1e6e-4571-b559-e22ab1a8ba8d
Unknonw: 816fcc92-12a4-4353-a60b-dadd59adc431
Unknonw: 6b5db648-2a69-4e90-9e80-fd29e5adcd0b
Unknonw: c6a110ba-14b6-4057-9d42-06045f003141
Unknonw: 8c998dd0-944f-4f1f-8367-5a1b3a28aec1
Unknonw: a008d4b7-4c05-41c6-86d1-9cf44ad9bf3e
Unknonw: 78c6776d-2da4-4c5d-b27b-5c072996d99b
Unknonw: dc0ce306-d56d-41e1-9a92-89535fe5c090
Unknonw: 2aad6ae9-d141-43ef-9556-a7aa7c8540cf
Unknonw: 971156c2-9a27-47b6-8c0d-2eb4798545ca
Unknonw: 94ccf678-9fc0-482d-80a9-26005a895b7f
Unknonw: e512a95b-171b-4567-af39-b77c7a1fd90a
Unknonw: 42ab26ea-06de-4e5b-b8b0-e199648bb229
Unknonw: 6e3cc0cb-7dc8-48bc-9cee-85bf235c8a2d
Unknonw: cc21a461-4631-43f1-9cc5-0bc4d248e697
Unknonw: 8735bd02-b3f3-4f89-85ad-fc7a307be652
Unknonw: c1039f86-a0d2-4d38-9cb8-937491a0a6c4
Unknonw: 3914644a-35e4-4077-8efa-70742bbc13cf
Unknonw: 61f78b47-a44d-4bef-8de4-421ea1c1cb92
Unknonw: 68fe1f72-975a-486a-bf93-e4a41ddb3a21
Unknonw: 610d6159-7c15-4282-a503-2ffaa296be18
Unknonw: 3b662fc9-0b7f-4ee8-8ed6-25d2d86befcf
Unknonw: c5e7d289-b470-4bc8-8b3e-893680d3c57c
Unknonw: 3f1eef5d-669a-4d05-bf86-4a34133c0a4b
Unknonw: f8a8f3fd-fdb0-4083-a0dc-de64ddbf4739
Unknonw: fdfd863b-d19d-40c5-8077-f73ecf131f39
Unknonw: f41b47b9-dddb-4267-bebc-74b00354ff78
Unknonw: 2fa9f075-ae56-4586-8c2c-acd0efd68d50
Unknonw: ebda8ce3-0136-40f7-8d76-7290616f448c
Unknonw: b7333513-939d-45d6-9e2c-7b1f45236376
Unknonw: b56e2afb-4bf1-44e2-b719-e44aa25d8616
Unknonw: 24079353-8818-4dcd-96b1-1d142f8c0f8a
Unknonw: 133cfc36-453c-44d5-9a5f-55cc48321e3b
Unknonw: 626a8ac7-b0f2-438d-94f5-1e11ac99f630
Unknonw: 4ed07d15-cbe7-4923-8ad3-821b9ba2e207
Unknonw: 0e77f097-673c-4c1f-a0da-c7de9f30667a
Unknonw: e6360b25-19c5-4858-8037-737d38bf5d73
Unknonw: e492e551-a5ab-46b2-a369-7a8340004769
Unknonw: bf077b9d-bebe-4b64-851b-2c15254b4c1c
Unknonw: 69304207-72e5-4df3-b91c-40c3f87f2cbf
Unknonw: 3396abf4-9c35-4bd2-ad8c-dd61815a868c
Unknonw: 21ebd17f-c0bf-40c7-b721-68b96132156b
Unknonw: 4cf7decd-d6a2-4201-a39f-78af87e01fc5
Unknonw: 237f92d1-29dc-49e1-8ceb-5c8653a1f22c
Unknonw: 3fe24654-4d80-4a0c-b5a3-18b6d91155e1
Unknonw: 29e29bca-33b9-4cc7-b0af-68a1185a8667
Unknonw: b2da215e-aef5-497b-8192-e27329212a33
Unknonw: 6be64efd-c2f9-4236-b835-654a2f5c1ae6
Unknonw: cbdf5bec-8764-4213-9e83-b15c6463cbec
Unknonw: 9a1ecd9f-095d-46a5-aab6-3336b332f6f8
Unknonw: 9a924f29-ded4-4a87-a9eb-3a32c8f89c21
Unknonw: d961443e-290f-46b7-87e6-58b3dc0981c3
Unknonw: 08bccc7f-9650-4cf1-a629-139f969d81c3
Unknonw: fbec7228-3257-49ea-9a14-d8f9758cbc12
Unknonw: fd0fab86-fa33-4042-a69f-104fac625a93
Unknonw: 6349dc4b-16b8-4044-b96e-f12b6fbae752
Unknonw: 123da7d4-1609-4411-aaaf-7fba235a4f77
Unknonw: 94311285-d7dd-4a40-92e5-b08d19c005ea
Unknonw: fbdcc033-eaf3-49a4-b950-a61fd66e5136
Unknonw: 3b40cbce-2d6d-4735-ba6f-2c0aaa3e8384
Unknonw: 9172f450-a3e3-44fd-baac-d35ca8d2fe3b
Unknonw: d1f13a3c-e7b0-4169-aaea-b3c427644f61
Unknonw: c30520a4-27fe-4015-8ac8-7cbefad34b1e
Unknonw: ef61f867-9de9-4067-9457-fc67721967d4
Unknonw: d2e559b1-6b37-471d-b181-3bb2f5eb425a
Unknonw: e1cf2e99-9d6b-4e42-9c12-329ee955badc
Unknonw: 1ea0b65d-9dde-4634-9b13-a59f736eff48
Unknonw: cba9c193-5183-4729-9350-978caa908889
Unknonw: 24c441f1-042c-4835-9ceb-29f4416ec8ee
Unknonw: ae4a210f-e27c-47e1-b81f-0b212f287968
Unknonw: 4e3ec37f-ec17-4088-9729-30dbf54746e3
Unknonw: a2bf6aa0-435d-45ff-8f8d-c631b60df867
Unknonw: 8e7a0c0f-0b6d-4583-adc8-141faa81568d
Unknonw: 9adb78bb-df47-4e67-88ca-f6ea4a9e057d
Unknonw: c57aa3c0-a8d1-48ca-ad86-b094e9f6f8cd
Unknonw: ddb7baa1-9378-4877-85ef-a4102db8c076
Unknonw: 5499966f-5b58-478c-af79-a4129678e254
Unknonw: 6850ced4-0f4f-4762-b87a-b497a49a4580
Unknonw: 1ab81409-8f34-4f27-83db-a43ecd04ad39
Unknonw: 21bfa52a-40d1-4dff-859d-16b9ab9cb3e8
Unknonw: bbf1a36d-aba8-48fb-9d61-57264c742bf7
Unknonw: 206863e3-1ca2-4524-b27e-963e7f0ced0e
Unknonw: 358bc690-fc0b-444b-acfe-e833b4443db1
Unknonw: c4d116c1-e69f-436b-93f9-8b75f8f80b12
Unknonw: b5e66f0f-32d2-4365-af81-27a326e64b40
Unknonw: f27020bd-6ea1-44ef-9d22-3cab931f4eaa
Unknonw: e5a5bb15-a56f-458a-a370-e9b027b3412a
Unknonw: 3207b86f-3d01-4567-b7cd-7ca652fa9d17
Unknonw: 2917c149-99b2-48c9-9e5c-14e758fa89b3
Unknonw: cfb0c35a-82c5-447b-a14a-fe0b0915c3b6
Unknonw: 96e7a49a-41fd-4e51-acbe-847801cea621
Unknonw: d8b1a22f-7437-4f33-ada4-cd78d903a2ff
Unknonw: 5d81bcb6-31a3-41c3-b48e-0b7986c494fd
Unknonw: a6b6f1d3-c290-41de-b6cf-3875c43c7b9b
Unknonw: 87298e5c-7f2b-460a-b3c8-6622f38e51bf
Unknonw: 7fc032b1-f1b1-49f6-a119-f39d0831812d
Unknonw: 56e52c35-c3e4-4ab7-8ad0-a02f366529f1
Unknonw: ee449574-2d55-4a55-aa82-1f24e79f3f9f
Finished, found: 107 results
Waiting for query to complete ...
Waiting for query to complete ...
Waiting for query to complete ...
Downloaded: 410
Unknonw: 054d19f4-d861-4c36-b345-f6440446d5a3
Unknonw: 52d71fb9-e34a-40ff-b6e0-c647f3478f7d
Unknonw: 8561be1d-ebae-4066-94c2-a5dc634a3b6a
Unknonw: 8cd3c84f-e048-4e48-99a6-2dfd1d7755b9
Unknonw: 0fa0e4d5-8d08-4e4e-a668-d6851face881
Unknonw: 2d843556-5ef6-470f-9442-5fb91cc4c0e5
Unknonw: 96277217-d3fe-4734-a32a-373daec0d19c
Unknonw: 60edb388-2115-4000-bee0-9beacd8e3bc9
Unknonw: 7062c189-4ead-4e2c-af3f-0a42dda57ad6
Unknonw: 71104da8-3cd3-464f-bf00-0319128193af
Unknonw: 7bb67443-4026-4e93-8b39-aaf9fa24bbf8
Unknonw: f5b69963-85b8-4076-8b6d-3ad101030426
Unknonw: 19ffb58a-d2a5-41f8-826d-a7d60177d31a
Unknonw: b8a2fefb-d612-41b4-a833-d189bfaad19b
Unknonw: ec9d7b3f-99ca-4065-b32a-7d41f998e962
Unknonw: 1960597d-4252-4eef-ae3d-c02d13e6920a
Unknonw: ebaf6a9b-0059-4874-8b0c-14069c78261a
Unknonw: 0e1772f4-ea32-4454-a33f-72284808af09
Unknonw: ef51fffe-f48d-4d47-be53-9cd650f945b4
Unknonw: dd83de02-94e3-453f-ab48-970d05edb147
Unknonw: fa8eafa3-610d-42c9-b7d1-a79a7e708b79
Unknonw: 21601412-985f-40a5-b4ab-86016372ae5d
Unknonw: 3fbe2c7c-988e-491b-85ff-32c64cfc4ec9
Unknonw: a111e440-f927-4a1a-9a29-fb12d4577340
Unknonw: 81772deb-93b5-4201-aefe-c08969a8d5eb
Unknonw: a8854660-f262-4f62-a071-d3249522525c
Unknonw: 3062309b-5ad3-459c-8e72-74b8aca4352d
Unknonw: 87c82d7e-98df-4664-808a-8e9d958fac90
Unknonw: 89b31fe6-9015-4e4b-8635-6ae7f7f0e165
Unknonw: 646e5cce-ab96-4593-888c-a3011dc57f65
Unknonw: 71cfe0be-900d-489c-88d9-a9cf0fed8267
Unknonw: fb2093bb-6d80-4b3a-98e0-0722baa234b0
Unknonw: 1ed07922-308c-49d0-ba6b-84ff99d44e28
Unknonw: 12f8f3db-9c99-4f3e-a159-c297d10c1f78
Unknonw: f6191754-edbb-4588-9dad-66f40bd95265
Unknonw: 4eaef105-99e1-436c-9a68-0afaeb3f3ed2
Unknonw: 0a0c776f-2f03-4639-99d2-6365919a2323
Unknonw: 64b94275-deea-4a48-8b80-b0cce085b60e
Unknonw: 258466f5-c24c-488c-98aa-6e35c00dbd27
Unknonw: 62270c6b-ee04-489b-8938-b1a9347d106b
Unknonw: 915e51c4-d55d-4055-b3c2-ff74c74cc7df
Unknonw: 0fa760bc-96f8-4866-8a21-eff6c25c9cc4
Unknonw: 246b043f-f429-4243-8a0c-6c9df9b0e87b
Unknonw: 215dc558-43e0-4ba9-8ff1-d75148dbb4b3
Unknonw: 5b8e0adf-9d7b-4b47-9c22-8626583001d0
Unknonw: 10519483-26e2-4d12-a388-f6fbcc46d7e6
Unknonw: 775a05c2-dc45-4b36-abc8-47464b4628e6
Unknonw: 8ac4b2d3-722d-44ec-9a24-2c465a99b56b
Unknonw: 51b6e69f-b891-4619-bad6-7a40b0ec7835
Unknonw: 2f4de788-8d66-4d2a-a3fd-4f88bb310c68
Unknonw: 90e53a6d-d353-4f1a-bbcf-f7bc5829324e
Unknonw: 6c285739-68e4-4a0b-afc9-be884046462e
Unknonw: 80caa6d1-afbf-480e-b788-6640f30c14cd
Unknonw: dc1f095a-69d3-41ef-9d1e-2151dc1cbc78
Unknonw: 7837dc2f-5a71-4313-a289-4ede8afb6913
Unknonw: 1942d968-46b8-45f8-ba3d-c6361495e5b0
Unknonw: 501930db-f59b-40e9-a706-fec900859fdc
Unknonw: fca0ee35-db25-4c2d-b54f-5daa1dd8a07b
Unknonw: 3c5dcd25-2834-4191-9561-51bd6f38568f
Unknonw: e3a717da-1217-43ac-8a2a-7a8d95bbb20d
Unknonw: 80f4e30b-f0ad-4566-a4c3-5199720afd44
Unknonw: 369951cb-d7ba-4ac8-b60a-b3da680a42f5
Unknonw: b2a77dd2-5b64-4db4-91a9-0d209b7fb7b1
Unknonw: 0c2c5a21-f37c-4d81-84bb-c558d70d2d76
Unknonw: 9293d44d-9361-4d64-816c-95c27cf26bdc
Unknonw: 9d2f857e-852c-4f21-9a0e-d81ef9843820
Unknonw: 92719904-a21f-417c-91d4-26ad6775a4d5
Unknonw: 94fbdfb6-75dd-4b7d-aeac-014d6417db9f
Unknonw: 87ed826e-c372-40b5-b2f2-dcdca20a9a7d
Unknonw: 46c959ff-e226-4a71-880f-b4a8de3f7a6d
Unknonw: f12fe273-c6c1-4d7b-9dd3-00e2d6e1cb9d
Unknonw: 568af705-e3bd-4dcc-892f-0623aa6133c6
Unknonw: 6ea9efa9-b22d-42ef-9e72-ab50e3f0bcb2
Unknonw: 9afdff7c-a785-4b81-9e91-3b11eeb958d8
Unknonw: a95c5019-770e-4322-92a7-9d0711991ef3
Unknonw: ec0e077d-61f4-46d7-977a-9e5805f9781c
Unknonw: c6e14061-df99-45da-b9f9-f324dbd8ade8
Unknonw: b073f335-60b4-4310-8c3e-b2d04a347f7a
Unknonw: 68220bb6-536f-4719-bfd2-083d544567f3
Unknonw: 314aeb10-0e0f-426c-bfe6-483298a00698
Unknonw: 6b130190-e18f-4be5-9aa0-3310d4067f71
Unknonw: e2968e89-5885-476b-9640-2d706cfbaad0
Unknonw: e07f425e-e969-408d-bf0f-d60b767a6a64
Finished, found: 122 results
1631717982.794432
1631718102.220615
Waiting for query to complete ...
Waiting for query to complete ...
Waiting for query to complete ...
Waiting for query to complete ...
Waiting for query to complete ...
Downloaded: 438
Unknonw: bfe11b08-37a8-4793-9ced-a16c979ff7fb
Unknonw: 238ea1df-c6b1-4530-a7cf-c6202d325b6b
Unknonw: 07338987-8008-4cbd-b307-1097d8743a54
Unknonw: aa2b8f99-2b8e-4b6f-a712-0a83bc9fea26
Unknonw: cae7ad65-ba43-4b32-995b-45d3b78d90aa
Unknonw: 8dddfe4d-d5ff-4a29-add1-9e8dfed0cc50
Unknonw: 28830ab5-43fd-46be-a771-256de0dd7e9d
Unknonw: 664e7b97-0fc0-47e1-b852-277c3fcc7ece
Unknonw: 0c257d35-d8a9-41af-af34-34aa0365721e
Unknonw: b4482066-4f43-432a-9f1f-79afe2eaa177
Unknonw: 0aea6339-8ac3-42a2-ba65-64c7e34d628b
Unknonw: 5a0be6b5-39e5-43a0-a444-f7d13fb7cd58
Unknonw: 3f657730-1fa2-4200-baf3-8198d0b6cca8
Unknonw: 099a11e0-6956-446f-b67a-ce31405f3ca7
Unknonw: 58f2b716-4165-445a-9de4-ea593c95edb2
Unknonw: 6a4e99ad-4ade-4176-9afa-42e10d3f4508
Unknonw: 43342aa5-0b9f-442d-b98a-857661f559ca
Unknonw: 032d482b-02d2-4d85-927f-eb02c7d2893f
Unknonw: 2ea978e2-bdaa-4962-8bab-6a29f967faba
Unknonw: bfa1d0a0-5e76-4540-bd88-6b2c9e371193
Unknonw: 9627718f-67c7-4a92-8827-9f45fa7a24c6
Unknonw: 5140236a-a5bd-4e2f-8db3-95db8d611124
Unknonw: ad70c671-0a41-4af2-838f-b0e906f10b01
Unknonw: 4db09091-4776-4cc6-ae5c-49cb59ba25e6
Unknonw: c7227e3e-7012-49a9-b7a0-057541c2bc60
Unknonw: da056835-501d-4bc7-817a-57c1fa09d186
Unknonw: 8c322741-da26-4331-b190-edc1c5837d83
Unknonw: c5584981-6a8e-4b4e-9223-89f2bd44e368
Unknonw: c09b0628-c911-4dca-8664-1f83edc8f9d1
Unknonw: 4341b549-0f2b-4d08-b310-2ee9bd0ea02a
Unknonw: 199f3dc5-9c34-4590-a58d-0d33a0c4cf22
Unknonw: 38f535d0-37f7-4e55-a284-7b9f5e65f5f2
Unknonw: fffe489e-0a8c-4081-aba6-3b40ee541ded
Unknonw: 06d39a72-0970-4c5a-90fc-5afe3ff06215
Unknonw: f45fc41d-20fa-4ac4-9224-18e00cc0baeb
Unknonw: abf3fc6d-ad0d-4be4-aa2e-9ca3ec9fb094
Unknonw: cfe0b72d-94e3-4c32-a522-0f88eac9b6fe
Unknonw: 86a4a79a-07c7-4b7b-8e6f-0ffe246d09fb
Unknonw: 928f22e8-9f83-4714-a708-80d2039894be
Unknonw: 710184e2-9659-4013-9077-6f072397cb50
Unknonw: 826e7eaf-5d3b-4bc4-825f-ef191102d68c
Unknonw: 729f94f2-e9a3-45dc-b0bb-d1bcc674016f
Unknonw: 73195fc6-e85b-4ac3-b11b-d6dbce8f503c
Unknonw: eaa62f0e-b3b6-4ad6-a9df-9a843cdf9665
Unknonw: c28ed0ae-8cba-4fbf-be44-80dcdf5603e4
Unknonw: 4f31404c-5e63-40bc-b1c0-2f2f72409252
Unknonw: aec7f6ed-db4e-4775-ae65-70c8ca6028c4
Unknonw: c61cae47-daac-47e4-8cdd-d6e882ab49e1
Unknonw: 60c578ae-8775-418f-be16-6b692247e2a7
Unknonw: 7d365f46-8ac4-4c70-8c2b-4421ccbc555d
Unknonw: 00e2dfb4-02a1-4fba-88d4-40d7077953db
Unknonw: 65c80b4a-1f90-41ed-835c-8cb1e9442e49
Unknonw: ee55fd10-f7ca-4f4a-b90e-14d6210ee4d5
Unknonw: 3215b211-b51b-4eb7-8c62-49409a542ca9
Unknonw: b93e7920-c8bd-4891-a383-4ffa63fd25e5
Unknonw: 8dba8ba8-9844-4164-aeaf-7825ad65b34a
Unknonw: 3ab693f4-a823-4ddc-b850-e8e0c7014b48
Unknonw: 44a754dd-dedb-43ad-8534-af76a9e34cb0
Unknonw: 3212e571-59b5-4dfe-b6ec-ba9d4fbe8b74
Unknonw: e7b9f24e-fcd9-4535-8f48-02c76b5c8b52
Unknonw: ec70a923-0667-42bc-b7f2-d62282d4ba96
Unknonw: 82a7c5db-a4ad-4de4-8b91-dab352b2a189
Unknonw: 49cec07d-fdae-47ad-a1c0-0915bfcba9b0
Unknonw: 75a79283-5b4c-4a1f-ab0a-b6e6d2a89bc8
Unknonw: 6e646dc6-7bc5-4982-8d03-eefe66e64171
Unknonw: 9fee0206-201d-4bf1-95b6-d60cc650b1a9
Unknonw: b5850999-1e6e-4571-b559-e22ab1a8ba8d
Unknonw: e512a95b-171b-4567-af39-b77c7a1fd90a
Unknonw: 61f78b47-a44d-4bef-8de4-421ea1c1cb92
Unknonw: 3b662fc9-0b7f-4ee8-8ed6-25d2d86befcf
Unknonw: c5e7d289-b470-4bc8-8b3e-893680d3c57c
Unknonw: 3f1eef5d-669a-4d05-bf86-4a34133c0a4b
Unknonw: 626a8ac7-b0f2-438d-94f5-1e11ac99f630
Unknonw: 4ed07d15-cbe7-4923-8ad3-821b9ba2e207
Unknonw: fbbf1130-7920-4991-a6ed-d48988faf162
Unknonw: 21d366a5-1cf7-463a-908c-d5ca3d57f0cb
Unknonw: 26ba5268-fc50-4dcc-93cb-ec387451e4f2
Unknonw: 85556708-0368-4bc8-b713-e95d48dec732
Unknonw: 0e77f097-673c-4c1f-a0da-c7de9f30667a
Unknonw: e6360b25-19c5-4858-8037-737d38bf5d73
Unknonw: 5c787b1f-6e73-4f3c-bc0b-094db5f5dca2
Unknonw: 9197a11a-6098-4a92-87f8-1a2e7ef1a5dd
Unknonw: 3d2e6a68-f1a2-477e-8bd7-4ee9077f1c45
Unknonw: e492e551-a5ab-46b2-a369-7a8340004769
Unknonw: 7735d52e-1993-4932-a737-e6bec2bb2d98
Unknonw: 06091854-f717-4870-bd86-f429f5bb51bf
Unknonw: 541bd907-6cd1-4ce4-b486-65540ec87f52
Unknonw: bf077b9d-bebe-4b64-851b-2c15254b4c1c
Unknonw: e9ec7fe9-e3f7-4c71-bce2-14032df80fbd
Unknonw: 69304207-72e5-4df3-b91c-40c3f87f2cbf
Unknonw: 74bab668-614a-448e-9019-03f4e8674fda
Unknonw: 3396abf4-9c35-4bd2-ad8c-dd61815a868c
Unknonw: f00588d3-e648-4cb2-aaf8-251792c12dd0
Unknonw: 580ec6bc-5a4a-4143-81a4-f0a94e6cca6b
Unknonw: 03038cd5-5b36-410f-9b9b-9e1c33f0294f
Unknonw: 562cae06-a2f3-47ee-8019-da14956b9d9f
Unknonw: 21ebd17f-c0bf-40c7-b721-68b96132156b
Unknonw: 0e80c053-bb0c-4fd3-a9bc-1ba5bfcf9a4d
Unknonw: 61b19658-de68-4476-a1e4-882456d504a8
Unknonw: d5e55806-8191-466d-a141-ac7984ea1714
Unknonw: 4cf7decd-d6a2-4201-a39f-78af87e01fc5
Unknonw: 237f92d1-29dc-49e1-8ceb-5c8653a1f22c
Unknonw: 3fe24654-4d80-4a0c-b5a3-18b6d91155e1
Unknonw: 0ac089d2-ce79-42a0-97ab-85625a0c264c
Finished, found: 115 results
Waiting for query to complete ...
Waiting for query to complete ...
Waiting for query to complete ...
Downloaded: 432
Unknonw: 3d0a16d6-acf3-4642-bb61-2e1e27208ad1
Unknonw: 00728407-7b37-4d00-bec4-0f32f9fe0f76
Unknonw: 23bf5da3-3d6b-456f-87ac-542556a03bad
Unknonw: 3f5f6587-85d6-4c66-aa21-5c3610d97d3d
Unknonw: cd0993f9-cbf0-4297-9eb6-fb777dbb6e92
Unknonw: 06278701-5c3b-47d9-b987-57cb9374c7ce
Unknonw: 0a9f0022-7fbd-4771-bdf6-a3e00cee3277
Unknonw: 446e4711-f011-4b5c-9dac-861d4cd90f6f
Unknonw: c0b9c6f2-3370-45bb-86e1-bdb227e7ca7a
Unknonw: 55db4320-c404-446d-8638-31df4cf6870d
Unknonw: 42b15d1f-821e-4447-839b-45f2e15691c2
Unknonw: 065a2da2-2ead-4510-a792-6466f289ff3e
Unknonw: fc3cc879-a523-4214-838a-b19786c34c0d
Unknonw: 003664c7-b049-4321-b1d3-39179b7d773f
Unknonw: c4d4aef6-2d26-4656-b3b7-de8f160093e3
Unknonw: 81cda524-993e-4550-abf0-f6bc7e0593aa
Unknonw: a9e16451-c0c6-47b8-ad63-623baad71ed4
Unknonw: 4c3a0912-b06c-49e9-971c-3127eeacd017
Unknonw: 5dbe0893-6c4a-41a4-be89-c96fee65af1b
Unknonw: 85d584fe-34b1-4ec2-b87e-922b8e911fa1
Unknonw: ef4cadf8-9b8a-4612-b3f2-c2d986d4e618
Unknonw: 10139f7d-2320-41b7-8355-f2e83415c859
Unknonw: 79de96b2-eaaf-4c07-9202-aa5653ce0c6f
Unknonw: 7b36a4a2-6ffa-4817-979f-a62d51544fbb
Unknonw: b015e104-7577-44b4-a407-8f1485f469bd
Unknonw: 50aa7bdc-34c7-464a-9ce9-ab6158734225
Unknonw: a06ed37e-f061-4fd0-84ad-4312406d3132
Unknonw: cd72081d-3e0c-483a-b0f0-d05fddd6f44d
Unknonw: b6f42afd-71a2-4ab7-9659-3a5bc8f14ca7
Unknonw: 0398e00c-d809-43cb-b1c2-a62e2d6efe28
Unknonw: 9dc68b4b-8edf-40b9-a171-e8822095ad6e
Unknonw: f5610fbb-498a-4330-97ac-22ef719d137a
Unknonw: 8ae77604-be8f-4354-8205-fadc21957832
Unknonw: 3253c196-3103-4c18-a63a-b79041178017
Unknonw: 4014e1fb-2aed-4706-b237-64318b46f775
Unknonw: 48ede080-7c94-43c3-be73-ec17787e3380
Unknonw: 17d7890a-c1ff-447e-acb5-db09bd2041f5
Unknonw: 04bdc68c-8e4c-4328-a112-6b935f7e1fba
Unknonw: 57537afc-2054-4b87-8b94-1d0d094d3ea6
Unknonw: 97fecde9-a0e3-4631-9d2f-37c8e6f86682
Unknonw: 03f41fba-f641-458d-ba1e-cbd0163e52bb
Unknonw: 33656ebb-9878-46a6-94fd-c88086f14cd6
Unknonw: 61b0ec6d-c37c-43e1-b1b3-c1c098965c84
Unknonw: 2a3cd7b2-de33-4fae-85e2-213f5e17c836
Unknonw: 83b0c99e-be0c-49b6-9601-28f3da6ca8e4
Unknonw: db4ce0b1-bdb1-4f74-a2e2-0fe5f8942c76
Unknonw: 097b49fd-3d28-4252-9991-c3eb019cf5de
Unknonw: 63059823-c86c-4fa2-848e-3e6a46ab8166
Unknonw: e8c0973d-621f-46b2-b0bb-b29add7730b0
Unknonw: 5f64bd89-8cab-466d-b557-c35c50adfc3c
Unknonw: 8b07eae0-6f55-4eef-9175-b9ed60969ef8
Unknonw: b3411ed8-c385-45f5-b99e-c275307a6877
Unknonw: 9b1f2ef5-373c-4f6f-b189-4752d0b32ee1
Unknonw: d2a5ff4c-4719-4f89-80d7-99d4074d9fee
Unknonw: c971946f-176a-4a9e-9fd8-0f14d9f771c8
Unknonw: dc035a99-e7ce-4c52-aa3e-1c1b3c219f90
Unknonw: ee080403-6f8d-430c-879c-3f159f1f9e45
Unknonw: ef910452-0aee-446c-9c16-aa82203b0e35
Unknonw: 64f93fe5-6f06-4e8d-a3ab-94b09d66fa61
Unknonw: 75659fbb-606b-4bbb-b91e-f19946d1f165
Unknonw: e4da09d7-55bb-4726-be36-73e7a1726fd1
Unknonw: 96277217-d3fe-4734-a32a-373daec0d19c
Unknonw: 7bb67443-4026-4e93-8b39-aaf9fa24bbf8
Unknonw: 19ffb58a-d2a5-41f8-826d-a7d60177d31a
Unknonw: 89b31fe6-9015-4e4b-8635-6ae7f7f0e165
Unknonw: 12f8f3db-9c99-4f3e-a159-c297d10c1f78
Unknonw: f6191754-edbb-4588-9dad-66f40bd95265
Unknonw: 4eaef105-99e1-436c-9a68-0afaeb3f3ed2
Unknonw: 035d37a3-ce57-4da1-b000-3b0beb70e44f
Unknonw: 144bdee5-649d-42bd-a2d5-9edf3f3685be
Unknonw: ddc5b072-ebfb-4004-a0d6-4a5d0b25e3af
Unknonw: c7089cf7-c110-486b-a3c2-7319f51964cb
Unknonw: 56d2101c-8fbc-4402-a096-0f368e65ccc8
Unknonw: e202fd5d-55d1-42f8-bab2-5c4975fa8e61
Unknonw: 070f3b92-9858-40ec-8609-7b934ce9d274
Unknonw: c5c3334c-889e-4899-a719-dfb33307a82d
Unknonw: b459a25f-105c-4484-8cea-3aa60a925afd
Unknonw: 2759e1d1-ca6d-46b2-98e9-2d17007edd10
Unknonw: 56bbe4fc-73da-4dfe-8f6b-f4f8d8d712f3
Unknonw: 1d2b558a-469a-43a6-8a6c-b5df89e0de49
Unknonw: 93e6c851-36e9-4397-83d1-6e9f24a4d791
Unknonw: d8f63dc9-e40a-41c8-b9b5-c11f605fdc58
Unknonw: 0a0c776f-2f03-4639-99d2-6365919a2323
Unknonw: bcbca155-dfad-4789-996f-61f07d75ebce
Unknonw: 64b94275-deea-4a48-8b80-b0cce085b60e
Unknonw: 124198e5-fa16-4f92-b419-b85196b27f58
Unknonw: 258466f5-c24c-488c-98aa-6e35c00dbd27
Unknonw: 0b943aa4-ed67-4cfe-9d3c-24caf96fec86
Unknonw: 49730504-64da-4eb0-b339-399084d215d2
Unknonw: 62270c6b-ee04-489b-8938-b1a9347d106b
Unknonw: 915e51c4-d55d-4055-b3c2-ff74c74cc7df
Unknonw: d563dca6-14ea-4dba-a9a9-d9f15a56c7ca
Unknonw: 47ea0907-d589-48bc-845a-f07014a0484c
Unknonw: 6b85ad67-dc8a-4a1b-99e2-808fd7550b82
Unknonw: b5ab176d-da4e-448e-bcac-354472239e06
Unknonw: 3aaef835-a555-4135-87dc-b80bb9a9b410
Unknonw: 3a5184d2-fd70-4422-bf71-1e19bf7eea03
Finished, found: 119 results
1631718116.852005
1631718232.736629
Waiting for query to complete ...
Waiting for query to complete ...
Waiting for query to complete ...
Downloaded: 330
Unknonw: 3a53dc58-112a-4773-a150-fb76f161feb0
Unknonw: a025616f-9494-4ea2-b8c1-03a39029506f
Unknonw: 90d252e1-70b6-4cce-9ac8-814f3444636e
Unknonw: ae51cc77-6cfc-49f2-99ae-8e7b38fa8e67
Unknonw: c8098b18-346c-46e6-8f76-0cdcdca96fbb
Unknonw: 4e7e10b1-a130-4fe5-bcd4-b1541636017b
Unknonw: 56505142-0d23-4554-8fb7-067baf0f6ffc
Unknonw: f1bfd6ab-4a5b-44d4-b720-cecc1371c454
Unknonw: edb0ce53-3827-4319-9532-3957aa3ab264
Unknonw: 571cae6b-23e8-4881-80c2-2fb058c112cb
Unknonw: b58a89c3-1871-4e00-baae-b99be0a16401
Unknonw: 093cdc6c-5624-47f0-8427-2aa66df1403c
Unknonw: 21984c0b-e87e-49e1-8205-bcd8a3a91b9a
Unknonw: a2ad05f7-c30e-4331-abe8-14cad8b9cc68
Unknonw: 0ccf09b5-3cb8-46be-b88b-5f28dd08c62f
Unknonw: a53c4df2-5f2d-43d4-a5d1-ae93813f69cb
Unknonw: 30598bb8-7328-4dbf-92a0-4a80a99302d9
Unknonw: 59d8e999-69f2-45d8-9b77-ed674d3eaa97
Unknonw: fef513ed-b4d8-4d1e-9fe2-b31c242767e9
Unknonw: 5e14b6de-abe2-42db-8753-8b0797b1cd90
Unknonw: d6e052d4-f16a-47ca-b633-749c5dd7c84f
Unknonw: 3cb9afc1-846a-4f25-b2c7-8e521eba6df9
Unknonw: 6813b3b2-e08b-4dc6-8ddb-fe17e42bb1e1
Unknonw: a2857ddc-3350-4222-b8a5-5281a79fdce2
Unknonw: 5416a559-590d-43c5-a403-4bda9362e86d
Unknonw: 75179c81-65b8-4f4c-9f47-d8ec3bd3eb0f
Unknonw: 539ebd6b-7a49-41b7-a929-8c88c1c6a8b3
Unknonw: bfe11b08-37a8-4793-9ced-a16c979ff7fb
Unknonw: 07338987-8008-4cbd-b307-1097d8743a54
Unknonw: 3f657730-1fa2-4200-baf3-8198d0b6cca8
Unknonw: 099a11e0-6956-446f-b67a-ce31405f3ca7
Unknonw: 032d482b-02d2-4d85-927f-eb02c7d2893f
Unknonw: 2ea978e2-bdaa-4962-8bab-6a29f967faba
Unknonw: bfa1d0a0-5e76-4540-bd88-6b2c9e371193
Unknonw: ad70c671-0a41-4af2-838f-b0e906f10b01
Unknonw: 38f535d0-37f7-4e55-a284-7b9f5e65f5f2
Unknonw: 4f31404c-5e63-40bc-b1c0-2f2f72409252
Unknonw: aec7f6ed-db4e-4775-ae65-70c8ca6028c4
Unknonw: c61cae47-daac-47e4-8cdd-d6e882ab49e1
Unknonw: 60c578ae-8775-418f-be16-6b692247e2a7
Unknonw: abdd7250-b2bc-4f0a-83a3-d7299071d21d
Unknonw: 7d365f46-8ac4-4c70-8c2b-4421ccbc555d
Unknonw: da572058-6e63-4faa-905f-e9ad05e01161
Unknonw: b1fae53e-e677-49a5-86a6-426e902c9c11
Unknonw: 0edbcaca-a0b3-4ca9-8b20-705be4db5e6c
Unknonw: 00e2dfb4-02a1-4fba-88d4-40d7077953db
Unknonw: 77101d3f-4a19-4234-8e7e-662dd1e01b2c
Unknonw: 490e8e36-ef15-4081-aa9d-cccdc6141f7a
Unknonw: 9bd760c9-7ee8-47d7-9ad6-ad27879aef67
Unknonw: a10deb81-414f-4673-9c78-b932d383c5e2
Unknonw: ff693598-d11c-410f-b763-649d7f05c6bc
Unknonw: 65c80b4a-1f90-41ed-835c-8cb1e9442e49
Unknonw: 1f06a058-e436-43ba-b132-674089042186
Unknonw: 8f28460a-249f-49e6-af27-e8eed54c9dde
Unknonw: f7384cae-a030-4848-8504-04bd31e0ca5c
Unknonw: ee55fd10-f7ca-4f4a-b90e-14d6210ee4d5
Unknonw: 55a944f1-038c-4219-a8ae-7b8a79fce199
Unknonw: 3dfe5c0d-28bb-4c6a-9142-4bd3e6fddaff
Unknonw: c7c1894d-0b1c-4db2-9a1d-f6924014bb91
Finished, found: 106 results
Waiting for query to complete ...
Waiting for query to complete ...
Waiting for query to complete ...
Downloaded: 290
Unknonw: 86d0cc0d-1a1c-4718-afb0-b91e9d3c5850
Unknonw: 68db1054-275d-49b2-a672-a2fae33007e9
Unknonw: e431e41c-3df1-4e31-b4ea-704eaf40739d
Unknonw: 3fddb491-887d-44df-8e61-95d6ae8fefae
Unknonw: e74c6f4b-710b-4ad3-a45e-a53e41834f07
Unknonw: 71f5eaa2-2a33-4595-8438-6a7bbc1d2c2b
Unknonw: 03adbe68-f88f-4331-a94f-e6904a60b70e
Unknonw: 891d4df9-0393-4ce3-b7e2-7145fc5bdc26
Unknonw: 2c311fd1-06aa-477f-8055-c44324a7a928
Unknonw: 323d01dd-f7ae-4b2b-9ef5-2f60f673854b
Unknonw: e1eaae45-e5b1-4918-b2c1-523b28acdd6b
Unknonw: 0a8b8d16-288f-4025-8f2a-a796550b6873
Unknonw: 3d0a16d6-acf3-4642-bb61-2e1e27208ad1
Unknonw: cd0993f9-cbf0-4297-9eb6-fb777dbb6e92
Unknonw: 42b15d1f-821e-4447-839b-45f2e15691c2
Unknonw: 065a2da2-2ead-4510-a792-6466f289ff3e
Unknonw: a9e16451-c0c6-47b8-ad63-623baad71ed4
Unknonw: 5dbe0893-6c4a-41a4-be89-c96fee65af1b
Unknonw: 79de96b2-eaaf-4c07-9202-aa5653ce0c6f
Unknonw: 48ede080-7c94-43c3-be73-ec17787e3380
Unknonw: 03f41fba-f641-458d-ba1e-cbd0163e52bb
Unknonw: 2a3cd7b2-de33-4fae-85e2-213f5e17c836
Unknonw: 83b0c99e-be0c-49b6-9601-28f3da6ca8e4
Unknonw: db4ce0b1-bdb1-4f74-a2e2-0fe5f8942c76
Unknonw: 320f9cc6-5367-4a09-a7f1-2f7c5cda9c4b
Unknonw: 65047e3e-916d-4362-9dbd-68ea3241b0ea
Unknonw: a3590514-aef1-466c-b791-9236fbf3008c
Unknonw: fa40b6f3-fa0e-44cc-9921-7093ffb1db73
Unknonw: 097b49fd-3d28-4252-9991-c3eb019cf5de
Unknonw: 29f3e1af-a31d-471b-b9eb-1e07d9363ea0
Unknonw: 48ac2f75-192d-4993-8dc1-82afa0ee121f
Unknonw: dc2e7b8f-6acb-491b-9752-3bc00285831b
Unknonw: e6262b01-03df-4089-ba7c-a88455b4300d
Unknonw: 6bb25c95-d132-4251-b9fd-38c7143be8eb
Unknonw: 0a8ea10e-b503-4e26-a744-57143a9129be
Unknonw: 63059823-c86c-4fa2-848e-3e6a46ab8166
Unknonw: 747b94b9-758a-4da2-9197-ce9ea65c61b3
Unknonw: c28e310b-f31a-4e4c-8e2f-04dde41aa249
Unknonw: eb464af9-c47d-4ecc-bf95-e68e81b1e1c8
Unknonw: 8df355dd-a59f-4408-99e2-d0fe09157127
Unknonw: 11bf5562-ce82-46b8-b6e9-eaf676717ce0
Unknonw: e8c0973d-621f-46b2-b0bb-b29add7730b0
Unknonw: 3ecbdd86-9cdb-4fbb-9004-18b53b75b6ff
Unknonw: 55c9d7dc-3691-4792-811d-1f4daa090d05
Finished, found: 101 results

Script done on 2021-09-15 15:05:23+00:00 [COMMAND_EXIT_CODE="0"]
