Script started on 2021-09-15 16:37:40+00:00 [TERM="xterm-256color" TTY="/dev/pts/1" COLUMNS="238" LINES="60"]
1631722882.235005
1631723025.92699
Waiting for query to complete ...
Waiting for query to complete ...
Waiting for query to complete ...
Downloaded: 358
Finished, found: 126 results
Waiting for query to complete ...
Waiting for query to complete ...
Waiting for query to complete ...
Downloaded: 354
Finished, found: 138 results
1631723040.929049
1631723171.439007
Waiting for query to complete ...
Waiting for query to complete ...
Waiting for query to complete ...
Downloaded: 428
Finished, found: 127 results
Waiting for query to complete ...
Waiting for query to complete ...
Waiting for query to complete ...
Downloaded: 422
Finished, found: 107 results
1631723186.191717
1631723310.043304
Waiting for query to complete ...
Waiting for query to complete ...
Waiting for query to complete ...
Downloaded: 430
Finished, found: 120 results
Waiting for query to complete ...
Waiting for query to complete ...
Waiting for query to complete ...
Downloaded: 426
Finished, found: 108 results
1631723324.597201
1631723444.765667
Waiting for query to complete ...
Waiting for query to complete ...
Waiting for query to complete ...
Downloaded: 440
Finished, found: 114 results
Waiting for query to complete ...
Waiting for query to complete ...
Waiting for query to complete ...
Downloaded: 436
Finished, found: 118 results
1631723458.759008
1631723579.901436
Waiting for query to complete ...
Waiting for query to complete ...
Waiting for query to complete ...
Downloaded: 356
Finished, found: 95 results
Waiting for query to complete ...
Waiting for query to complete ...
Waiting for query to complete ...
Downloaded: 352
Finished, found: 108 results

Script done on 2021-09-15 16:38:14+00:00 [COMMAND_EXIT_CODE="0"]
