Script started on 2021-09-15 15:47:30+00:00 [TERM="xterm-256color" TTY="/dev/pts/1" COLUMNS="238" LINES="60"]
1631719647.212794
1631719803.894544
Waiting for query to complete ...
Waiting for query to complete ...
Waiting for query to complete ...
Downloaded: 352
Finished, found: 141 results
Waiting for query to complete ...
Waiting for query to complete ...
Waiting for query to complete ...
Downloaded: 348
Finished, found: 124 results
1631719818.855035
1631719960.295494
Waiting for query to complete ...
Waiting for query to complete ...
Downloaded: 414
Finished, found: 115 results
Waiting for query to complete ...
Waiting for query to complete ...
Waiting for query to complete ...
Downloaded: 410
Finished, found: 123 results
1631719974.279808
1631720109.534051
Waiting for query to complete ...
Waiting for query to complete ...
Waiting for query to complete ...
Downloaded: 414
Finished, found: 109 results
Waiting for query to complete ...
Waiting for query to complete ...
Waiting for query to complete ...
Downloaded: 410
Finished, found: 110 results
1631720124.035545
1631720257.933714
Waiting for query to complete ...
Waiting for query to complete ...
Waiting for query to complete ...
Downloaded: 418
Finished, found: 97 results
Waiting for query to complete ...
Waiting for query to complete ...
Waiting for query to complete ...
Downloaded: 414
Finished, found: 119 results
1631720272.482602
1631720401.807685
Waiting for query to complete ...
Waiting for query to complete ...
Waiting for query to complete ...
Downloaded: 348
Finished, found: 106 results
Waiting for query to complete ...
Waiting for query to complete ...
Waiting for query to complete ...
Downloaded: 346
Finished, found: 122 results

Script done on 2021-09-15 15:48:02+00:00 [COMMAND_EXIT_CODE="0"]
