Script started on 2022-02-07 07:32:36+00:00 [TERM="screen" TTY="/dev/pts/2" COLUMNS="158" LINES="77"]
1644218298.514252
1644218399.746711
Waiting for query to complete ...
Waiting for query to complete ...
Waiting for query to complete ...
Downloaded: 584
Finished, found: 162 results
Waiting for query to complete ...
Waiting for query to complete ...
Waiting for query to complete ...
Downloaded: 580
Finished, found: 182 results
1644218411.88896
1644218500.856349
Waiting for query to complete ...
Waiting for query to complete ...
Waiting for query to complete ...
Downloaded: 731
Finished, found: 170 results
Waiting for query to complete ...
Waiting for query to complete ...
Waiting for query to complete ...
Downloaded: 729
Finished, found: 185 results
1644218512.860919
1644218600.483117
Waiting for query to complete ...
Waiting for query to complete ...
Waiting for query to complete ...
Downloaded: 585
Finished, found: 175 results
Waiting for query to complete ...
Waiting for query to complete ...
Waiting for query to complete ...
Downloaded: 581
Finished, found: 168 results

Script done on 2022-02-07 07:32:57+00:00 [COMMAND_EXIT_CODE="0"]
